{"meta": {"format": 3, "version": "7.13.3", "timestamp": "2026-02-11T00:25:22.427043", "branch_coverage": false, "show_contexts": false}, "files": {"src/nini/__init__.py": {"executed_lines": [3], "summary": {"covered_lines": 1, "num_statements": 1, "percent_covered": 100.0, "percent_covered_display": "100", "missing_lines": 0, "excluded_lines": 0, "percent_statements_covered": 100.0, "percent_statements_covered_display": "100"}, "missing_lines": [], "excluded_lines": [], "functions": {"": {"executed_lines": [3], "summary": {"covered_lines": 1, "num_statements": 1, "percent_covered": 100.0, "percent_covered_display": "100", "missing_lines": 0, "excluded_lines": 0, "percent_statements_covered": 100.0, "percent_statements_covered_display": "100"}, "missing_lines": [], "excluded_lines": [], "start_line": 1}}, "classes": {"": {"executed_lines": [3], "summary": {"covered_lines": 1, "num_statements": 1, "percent_covered": 100.0, "percent_covered_display": "100", "missing_lines": 0, "excluded_lines": 0, "percent_statements_covered": 100.0, "percent_statements_covered_display": "100"}, "missing_lines": [], "excluded_lines": [], "start_line": 1}}}, "src/nini/__main__.py": {"executed_lines": [3, 5, 6, 7, 8, 11, 12, 51, 52, 53, 55, 56, 57, 58, 59, 65, 67, 68, 73, 76, 78, 79, 81, 84, 85, 87, 88, 91, 92, 93, 98, 107, 110, 111, 112, 113, 114, 115, 117, 118, 120, 121, 122, 123, 124, 127, 128, 130, 132, 133, 142, 143, 144, 145, 146, 147, 148, 149, 153, 155, 165, 166, 168, 170, 172, 174, 176, 178, 179, 180, 183, 192, 193, 195, 196, 197, 198, 199, 201, 202, 205, 206, 207, 213, 214, 215, 216, 217, 223], "summary": {"covered_lines": 89, "num_statements": 109, "percent_covered": 81.65137614678899, "percent_covered_display": "82", "missing_lines": 20, "excluded_lines": 0, "percent_statements_covered": 81.65137614678899, "percent_statements_covered_display": "82"}, "missing_lines": [94, 95, 96, 150, 151, 152, 167, 169, 171, 173, 175, 177, 200, 203, 209, 210, 218, 219, 220, 224], "excluded_lines": [], "functions": {"_default_env_content": {"executed_lines": [12], "summary": {"covered_lines": 1, "num_statements": 1, "percent_covered": 100.0, "percent_covered_display": "100", "missing_lines": 0, "excluded_lines": 0, "percent_statements_covered": 100.0, "percent_statements_covered_display": "100"}, "missing_lines": [], "excluded_lines": [], "start_line": 11}, "_build_parser": {"executed_lines": [52, 53, 55, 56, 57, 58, 59, 65, 67, 68, 73, 76, 78, 79, 81], "summary": {"covered_lines": 15, "num_statements": 15, "percent_covered": 100.0, "percent_covered_display": "100", "missing_lines": 0, "excluded_lines": 0, "percent_statements_covered": 100.0, "percent_statements_covered_display": "100"}, "missing_lines": [], "excluded_lines": [], "start_line": 51}, "_normalize_argv": {"executed_lines": [85, 87, 88], "summary": {"covered_lines": 3, "num_statements": 3, "percent_covered": 100.0, "percent_covered_display": "100", "missing_lines": 0, "excluded_lines": 0, "percent_statements_covered": 100.0, "percent_statements_covered_display": "100"}, "missing_lines": [], "excluded_lines": [], "start_line": 84}, "_cmd_start": {"executed_lines": [92, 93, 98, 107], "summary": {"covered_lines": 4, "num_statements": 7, "percent_covered": 57.142857142857146, "percent_covered_display": "57", "missing_lines": 3, "excluded_lines": 0, "percent_statements_covered": 57.142857142857146, "percent_statements_covered_display": "57"}, "missing_lines": [94, 95, 96], "excluded_lines": [], "start_line": 91}, "_cmd_init": {"executed_lines": [111, 112, 113, 114, 115, 117, 118, 120, 121, 122, 123, 124], "summary": {"covered_lines": 12, "num_statements": 12, "percent_covered": 100.0, "percent_covered_display": "100", "missing_lines": 0, "excluded_lines": 0, "percent_statements_covered": 100.0, "percent_statements_covered_display": "100"}, "missing_lines": [], "excluded_lines": [], "start_line": 110}, "_cmd_doctor": {"executed_lines": [128, 130, 132, 133, 142, 143, 144, 145, 146, 147, 148, 149, 153, 155, 165, 166, 168, 170, 172, 174, 176, 178, 179, 180, 183, 192, 193, 195, 196, 197, 198, 199, 201, 202, 205, 206, 207], "summary": {"covered_lines": 37, "num_statements": 50, "percent_covered": 74.0, "percent_covered_display": "74", "missing_lines": 13, "excluded_lines": 0, "percent_statements_covered": 74.0, "percent_statements_covered_display": "74"}, "missing_lines": [150, 151, 152, 167, 169, 171, 173, 175, 177, 200, 203, 209, 210], "excluded_lines": [], "start_line": 127}, "main": {"executed_lines": [214, 215, 216, 217], "summary": {"covered_lines": 4, "num_statements": 7, "percent_covered": 57.142857142857146, "percent_covered_display": "57", "missing_lines": 3, "excluded_lines": 0, "percent_statements_covered": 57.142857142857146, "percent_statements_covered_display": "57"}, "missing_lines": [218, 219, 220], "excluded_lines": [], "start_line": 213}, "": {"executed_lines": [3, 5, 6, 7, 8, 11, 51, 84, 91, 110, 127, 213, 223], "summary": {"covered_lines": 13, "num_statements": 14, "percent_covered": 92.85714285714286, "percent_covered_display": "93", "missing_lines": 1, "excluded_lines": 0, "percent_statements_covered": 92.85714285714286, "percent_statements_covered_display": "93"}, "missing_lines": [224], "excluded_lines": [], "start_line": 1}}, "classes": {"": {"executed_lines": [3, 5, 6, 7, 8, 11, 12, 51, 52, 53, 55, 56, 57, 58, 59, 65, 67, 68, 73, 76, 78, 79, 81, 84, 85, 87, 88, 91, 92, 93, 98, 107, 110, 111, 112, 113, 114, 115, 117, 118, 120, 121, 122, 123, 124, 127, 128, 130, 132, 133, 142, 143, 144, 145, 146, 147, 148, 149, 153, 155, 165, 166, 168, 170, 172, 174, 176, 178, 179, 180, 183, 192, 193, 195, 196, 197, 198, 199, 201, 202, 205, 206, 207, 213, 214, 215, 216, 217, 223], "summary": {"covered_lines": 89, "num_statements": 109, "percent_covered": 81.65137614678899, "percent_covered_display": "82", "missing_lines": 20, "excluded_lines": 0, "percent_statements_covered": 81.65137614678899, "percent_statements_covered_display": "82"}, "missing_lines": [94, 95, 96, 150, 151, 152, 167, 169, 171, 173, 175, 177, 200, 203, 209, 210, 218, 219, 220, 224], "excluded_lines": [], "start_line": 1}}}, "src/nini/agent/__init__.py": {"executed_lines": [], "summary": {"covered_lines": 0, "num_statements": 0, "percent_covered": 100.0, "percent_covered_display": "100", "missing_lines": 0, "excluded_lines": 0, "percent_statements_covered": 100.0, "percent_statements_covered_display": "100"}, "missing_lines": [], "excluded_lines": [], "functions": {"": {"executed_lines": [], "summary": {"covered_lines": 0, "num_statements": 0, "percent_covered": 100.0, "percent_covered_display": "100", "missing_lines": 0, "excluded_lines": 0, "percent_statements_covered": 100.0, "percent_statements_covered_display": "100"}, "missing_lines": [], "excluded_lines": [], "start_line": 1}}, "classes": {"": {"executed_lines": [], "summary": {"covered_lines": 0, "num_statements": 0, "percent_covered": 100.0, "percent_covered_display": "100", "missing_lines": 0, "excluded_lines": 0, "percent_statements_covered": 100.0, "percent_statements_covered_display": "100"}, "missing_lines": [], "excluded_lines": [], "start_line": 1}}}, "src/nini/agent/lane_queue.py": {"executed_lines": [6, 8, 9, 10, 12, 15, 18, 19, 21, 22, 23, 24, 26, 32, 33, 34, 36, 42], "summary": {"covered_lines": 18, "num_statements": 19, "percent_covered": 94.73684210526316, "percent_covered_display": "95", "missing_lines": 1, "excluded_lines": 0, "percent_statements_covered": 94.73684210526316, "percent_statements_covered_display": "95"}, "missing_lines": [38], "excluded_lines": [], "functions": {"LaneQueue.__init__": {"executed_lines": [19], "summary": {"covered_lines": 1, "num_statements": 1, "percent_covered": 100.0, "percent_covered_display": "100", "missing_lines": 0, "excluded_lines": 0, "percent_statements_covered": 100.0, "percent_statements_covered_display": "100"}, "missing_lines": [], "excluded_lines": [], "start_line": 18}, "LaneQueue._get_lock": {"executed_lines": [22, 23, 24], "summary": {"covered_lines": 3, "num_statements": 3, "percent_covered": 100.0, "percent_covered_display": "100", "missing_lines": 0, "excluded_lines": 0, "percent_statements_covered": 100.0, "percent_statements_covered_display": "100"}, "missing_lines": [], "excluded_lines": [], "start_line": 21}, "LaneQueue.execute": {"executed_lines": [32, 33, 34], "summary": {"covered_lines": 3, "num_statements": 3, "percent_covered": 100.0, "percent_covered_display": "100", "missing_lines": 0, "excluded_lines": 0, "percent_statements_covered": 100.0, "percent_statements_covered_display": "100"}, "missing_lines": [], "excluded_lines": [], "start_line": 26}, "LaneQueue.remove_lane": {"executed_lines": [], "summary": {"covered_lines": 0, "num_statements": 1, "percent_covered": 0.0, "percent_covered_display": "0", "missing_lines": 1, "excluded_lines": 0, "percent_statements_covered": 0.0, "percent_statements_covered_display": "0"}, "missing_lines": [38], "excluded_lines": [], "start_line": 36}, "": {"executed_lines": [6, 8, 9, 10, 12, 15, 18, 21, 26, 36, 42], "summary": {"covered_lines": 11, "num_statements": 11, "percent_covered": 100.0, "percent_covered_display": "100", "missing_lines": 0, "excluded_lines": 0, "percent_statements_covered": 100.0, "percent_statements_covered_display": "100"}, "missing_lines": [], "excluded_lines": [], "start_line": 1}}, "classes": {"LaneQueue": {"executed_lines": [19, 22, 23, 24, 32, 33, 34], "summary": {"covered_lines": 7, "num_statements": 8, "percent_covered": 87.5, "percent_covered_display": "88", "missing_lines": 1, "excluded_lines": 0, "percent_statements_covered": 87.5, "percent_statements_covered_display": "88"}, "missing_lines": [38], "excluded_lines": [], "start_line": 15}, "": {"executed_lines": [6, 8, 9, 10, 12, 15, 18, 21, 26, 36, 42], "summary": {"covered_lines": 11, "num_statements": 11, "percent_covered": 100.0, "percent_covered_display": "100", "missing_lines": 0, "excluded_lines": 0, "percent_statements_covered": 100.0, "percent_statements_covered_display": "100"}, "missing_lines": [], "excluded_lines": [], "start_line": 1}}}, "src/nini/agent/model_lister.py": {"executed_lines": [], "summary": {"covered_lines": 0, "num_statements": 67, "percent_covered": 0.0, "percent_covered_display": "0", "missing_lines": 67, "excluded_lines": 0, "percent_statements_covered": 0.0, "percent_statements_covered_display": "0"}, "missing_lines": [7, 9, 10, 11, 13, 14, 16, 19, 20, 23, 64, 79, 80, 83, 84, 85, 86, 89, 90, 93, 94, 95, 98, 99, 102, 103, 106, 107, 108, 111, 115, 116, 118, 119, 120, 121, 122, 124, 126, 127, 128, 129, 130, 131, 133, 134, 135, 136, 139, 145, 146, 147, 150, 151, 152, 154, 155, 156, 157, 158, 160, 161, 162, 164, 165, 166, 167], "excluded_lines": [], "functions": {"list_available_models": {"executed_lines": [], "summary": {"covered_lines": 0, "num_statements": 37, "percent_covered": 0.0, "percent_covered_display": "0", "missing_lines": 37, "excluded_lines": 0, "percent_statements_covered": 0.0, "percent_statements_covered_display": "0"}, "missing_lines": [79, 80, 83, 84, 85, 86, 89, 90, 93, 94, 95, 98, 99, 102, 103, 106, 107, 108, 111, 115, 116, 118, 119, 120, 121, 122, 124, 126, 127, 128, 129, 130, 131, 133, 134, 135, 136], "excluded_lines": [], "start_line": 64}, "_list_ollama_models": {"executed_lines": [], "summary": {"covered_lines": 0, "num_statements": 18, "percent_covered": 0.0, "percent_covered_display": "0", "missing_lines": 18, "excluded_lines": 0, "percent_statements_covered": 0.0, "percent_statements_covered_display": "0"}, "missing_lines": [145, 146, 147, 150, 151, 152, 154, 155, 156, 157, 158, 160, 161, 162, 164, 165, 166, 167], "excluded_lines": [], "start_line": 139}, "": {"executed_lines": [], "summary": {"covered_lines": 0, "num_statements": 12, "percent_covered": 0.0, "percent_covered_display": "0", "missing_lines": 12, "excluded_lines": 0, "percent_statements_covered": 0.0, "percent_statements_covered_display": "0"}, "missing_lines": [7, 9, 10, 11, 13, 14, 16, 19, 20, 23, 64, 139], "excluded_lines": [], "start_line": 1}}, "classes": {"": {"executed_lines": [], "summary": {"covered_lines": 0, "num_statements": 67, "percent_covered": 0.0, "percent_covered_display": "0", "missing_lines": 67, "excluded_lines": 0, "percent_statements_covered": 0.0, "percent_statements_covered_display": "0"}, "missing_lines": [7, 9, 10, 11, 13, 14, 16, 19, 20, 23, 64, 79, 80, 83, 84, 85, 86, 89, 90, 93, 94, 95, 98, 99, 102, 103, 106, 107, 108, 111, 115, 116, 118, 119, 120, 121, 122, 124, 126, 127, 128, 129, 130, 131, 133, 134, 135, 136, 139, 145, 146, 147, 150, 151, 152, 154, 155, 156, 157, 158, 160, 161, 162, 164, 165, 166, 167], "excluded_lines": [], "start_line": 1}}}, "src/nini/agent/model_resolver.py": {"executed_lines": [7, 9, 10, 11, 12, 13, 15, 17, 23, 24, 27, 28, 29, 30, 33, 34, 37, 38, 39, 45, 49, 50, 52, 53, 66, 67, 71, 75, 87, 90, 97, 98, 99, 100, 101, 103, 104, 105, 107, 108, 109, 112, 115, 118, 119, 121, 122, 124, 132, 133, 135, 142, 144, 148, 201, 203, 204, 205, 208, 210, 212, 214, 215, 217, 219, 225, 228, 229, 231, 237, 247, 250, 251, 253, 258, 259, 260, 262, 263, 268, 269, 271, 279, 280, 282, 283, 285, 291, 292, 293, 294, 296, 298, 299, 300, 301, 302, 303, 304, 305, 319, 320, 321, 322, 327, 328, 335, 341, 345, 346, 348, 349, 350, 351, 352, 353, 354, 356, 358, 364, 366, 370, 371, 379, 386, 388, 390, 391, 393, 394, 396, 398, 399, 400, 401, 402, 410, 411, 412, 413, 414, 415, 416, 417, 419, 420, 421, 423, 424, 426, 428, 430, 434, 436, 437, 438, 439, 440, 442, 449, 455, 458, 459, 461, 466, 467, 468, 474, 475, 477, 479, 485, 488, 489, 491, 497, 503, 505, 507, 529, 532, 533, 535, 541, 547, 555, 558, 559, 561, 566, 576, 579, 580, 582, 587, 597, 600, 601, 603, 608, 618, 625, 627, 638, 640, 649, 653, 686, 691, 692, 703, 713, 715, 716, 718, 755, 760, 762, 763, 764, 771, 783, 784, 786, 788, 789, 790, 791, 792, 795, 796, 797, 799, 800, 801, 802, 804, 806, 815, 816, 819, 820, 822, 824, 828, 831, 833, 835, 836, 839, 840], "summary": {"covered_lines": 251, "num_statements": 336, "percent_covered": 74.70238095238095, "percent_covered_display": "75", "missing_lines": 85, "excluded_lines": 3, "percent_statements_covered": 74.70238095238095, "percent_statements_covered_display": "75"}, "missing_lines": [64, 73, 143, 145, 146, 151, 153, 154, 155, 157, 158, 160, 161, 164, 165, 166, 167, 168, 173, 174, 175, 176, 177, 178, 179, 180, 183, 184, 185, 187, 188, 189, 194, 206, 207, 211, 264, 266, 337, 338, 339, 368, 373, 374, 375, 377, 387, 397, 403, 404, 406, 408, 427, 435, 441, 517, 518, 519, 520, 523, 549, 646, 647, 651, 663, 664, 665, 669, 676, 677, 678, 684, 694, 695, 696, 697, 698, 700, 701, 765, 798, 821, 823, 841, 842], "excluded_lines": [62, 69, 70], "functions": {"BaseLLMClient.chat": {"executed_lines": [], "summary": {"covered_lines": 0, "num_statements": 1, "percent_covered": 0.0, "percent_covered_display": "0", "missing_lines": 1, "excluded_lines": 1, "percent_statements_covered": 0.0, "percent_statements_covered_display": "0"}, "missing_lines": [64], "excluded_lines": [62], "start_line": 53}, "BaseLLMClient.is_available": {"executed_lines": [], "summary": {"covered_lines": 0, "num_statements": 0, "percent_covered": 100.0, "percent_covered_display": "100", "missing_lines": 0, "excluded_lines": 1, "percent_statements_covered": 100.0, "percent_statements_covered_display": "100"}, "missing_lines": [], "excluded_lines": [69], "start_line": 67}, "BaseLLMClient.get_model_name": {"executed_lines": [], "summary": {"covered_lines": 0, "num_statements": 1, "percent_covered": 0.0, "percent_covered_display": "0", "missing_lines": 1, "excluded_lines": 0, "percent_statements_covered": 0.0, "percent_statements_covered_display": "0"}, "missing_lines": [73], "excluded_lines": [], "start_line": 71}, "BaseLLMClient.aclose": {"executed_lines": [], "summary": {"covered_lines": 0, "num_statements": 0, "percent_covered": 100.0, "percent_covered_display": "100", "missing_lines": 0, "excluded_lines": 0, "percent_statements_covered": 100.0, "percent_statements_covered_display": "100"}, "missing_lines": [], "excluded_lines": [], "start_line": 75}, "OpenAICompatibleClient.__init__": {"executed_lines": [97, 98, 99, 100, 101], "summary": {"covered_lines": 5, "num_statements": 5, "percent_covered": 100.0, "percent_covered_display": "100", "missing_lines": 0, "excluded_lines": 0, "percent_statements_covered": 100.0, "percent_statements_covered_display": "100"}, "missing_lines": [], "excluded_lines": [], "start_line": 90}, "OpenAICompatibleClient._ensure_client": {"executed_lines": [104, 105, 107, 108, 109, 112, 115, 118, 119], "summary": {"covered_lines": 9, "num_statements": 9, "percent_covered": 100.0, "percent_covered_display": "100", "missing_lines": 0, "excluded_lines": 0, "percent_statements_covered": 100.0, "percent_statements_covered_display": "100"}, "missing_lines": [], "excluded_lines": [], "start_line": 103}, "OpenAICompatibleClient.is_available": {"executed_lines": [122], "summary": {"covered_lines": 1, "num_statements": 1, "percent_covered": 100.0, "percent_covered_display": "100", "missing_lines": 0, "excluded_lines": 0, "percent_statements_covered": 100.0, "percent_statements_covered_display": "100"}, "missing_lines": [], "excluded_lines": [], "start_line": 121}, "OpenAICompatibleClient.chat": {"executed_lines": [132, 133, 135, 142, 144, 148], "summary": {"covered_lines": 6, "num_statements": 37, "percent_covered": 16.216216216216218, "percent_covered_display": "16", "missing_lines": 31, "excluded_lines": 0, "percent_statements_covered": 16.216216216216218, "percent_statements_covered_display": "16"}, "missing_lines": [143, 145, 146, 151, 153, 154, 155, 157, 158, 160, 161, 164, 165, 166, 167, 168, 173, 174, 175, 176, 177, 178, 179, 180, 183, 184, 185, 187, 188, 189, 194], "excluded_lines": [], "start_line": 124}, "OpenAICompatibleClient.aclose": {"executed_lines": [203, 204, 205, 208, 210, 212, 214, 215], "summary": {"covered_lines": 8, "num_statements": 11, "percent_covered": 72.72727272727273, "percent_covered_display": "73", "missing_lines": 3, "excluded_lines": 0, "percent_statements_covered": 72.72727272727273, "percent_statements_covered_display": "73"}, "missing_lines": [206, 207, 211], "excluded_lines": [], "start_line": 201}, "OpenAICompatibleClient._supports_stream_usage": {"executed_lines": [219], "summary": {"covered_lines": 1, "num_statements": 1, "percent_covered": 100.0, "percent_covered_display": "100", "missing_lines": 0, "excluded_lines": 0, "percent_statements_covered": 100.0, "percent_statements_covered_display": "100"}, "missing_lines": [], "excluded_lines": [], "start_line": 217}, "OpenAIClient.__init__": {"executed_lines": [237], "summary": {"covered_lines": 1, "num_statements": 1, "percent_covered": 100.0, "percent_covered_display": "100", "missing_lines": 0, "excluded_lines": 0, "percent_statements_covered": 100.0, "percent_statements_covered_display": "100"}, "missing_lines": [], "excluded_lines": [], "start_line": 231}, "AnthropicClient.__init__": {"executed_lines": [258, 259, 260], "summary": {"covered_lines": 3, "num_statements": 3, "percent_covered": 100.0, "percent_covered_display": "100", "missing_lines": 0, "excluded_lines": 0, "percent_statements_covered": 100.0, "percent_statements_covered_display": "100"}, "missing_lines": [], "excluded_lines": [], "start_line": 253}, "AnthropicClient._ensure_client": {"executed_lines": [263], "summary": {"covered_lines": 1, "num_statements": 3, "percent_covered": 33.333333333333336, "percent_covered_display": "33", "missing_lines": 2, "excluded_lines": 0, "percent_statements_covered": 33.333333333333336, "percent_statements_covered_display": "33"}, "missing_lines": [264, 266], "excluded_lines": [], "start_line": 262}, "AnthropicClient.is_available": {"executed_lines": [269], "summary": {"covered_lines": 1, "num_statements": 1, "percent_covered": 100.0, "percent_covered_display": "100", "missing_lines": 0, "excluded_lines": 0, "percent_statements_covered": 100.0, "percent_statements_covered_display": "100"}, "missing_lines": [], "excluded_lines": [], "start_line": 268}, "AnthropicClient.chat": {"executed_lines": [279, 280, 282, 283, 285, 291, 292, 293, 294, 296, 298, 299, 300, 301, 302, 303, 304, 305, 319, 320, 321, 322, 327, 328], "summary": {"covered_lines": 24, "num_statements": 24, "percent_covered": 100.0, "percent_covered_display": "100", "missing_lines": 0, "excluded_lines": 0, "percent_statements_covered": 100.0, "percent_statements_covered_display": "100"}, "missing_lines": [], "excluded_lines": [], "start_line": 271}, "AnthropicClient.aclose": {"executed_lines": [], "summary": {"covered_lines": 0, "num_statements": 3, "percent_covered": 0.0, "percent_covered_display": "0", "missing_lines": 3, "excluded_lines": 0, "percent_statements_covered": 0.0, "percent_statements_covered_display": "0"}, "missing_lines": [337, 338, 339], "excluded_lines": [], "start_line": 335}, "AnthropicClient._convert_messages": {"executed_lines": [345, 346, 348, 349, 350, 351, 352, 353, 354, 356, 358, 364, 366, 370, 371, 379, 386, 388], "summary": {"covered_lines": 18, "num_statements": 24, "percent_covered": 75.0, "percent_covered_display": "75", "missing_lines": 6, "excluded_lines": 0, "percent_statements_covered": 75.0, "percent_statements_covered_display": "75"}, "missing_lines": [368, 373, 374, 375, 377, 387], "excluded_lines": [], "start_line": 341}, "AnthropicClient._summarize_tool_context": {"executed_lines": [393, 394, 396, 398, 399, 400, 401, 402, 410, 411, 412, 413, 414, 415, 416, 417, 419, 420, 421, 423, 424, 426, 428], "summary": {"covered_lines": 23, "num_statements": 29, "percent_covered": 79.3103448275862, "percent_covered_display": "79", "missing_lines": 6, "excluded_lines": 0, "percent_statements_covered": 79.3103448275862, "percent_statements_covered_display": "79"}, "missing_lines": [397, 403, 404, 406, 408, 427], "excluded_lines": [], "start_line": 391}, "AnthropicClient._convert_tools": {"executed_lines": [434, 436, 437, 438, 439, 440, 442, 449], "summary": {"covered_lines": 8, "num_statements": 10, "percent_covered": 80.0, "percent_covered_display": "80", "missing_lines": 2, "excluded_lines": 0, "percent_statements_covered": 80.0, "percent_statements_covered_display": "80"}, "missing_lines": [435, 441], "excluded_lines": [], "start_line": 430}, "OllamaClient.__init__": {"executed_lines": [466, 467, 468], "summary": {"covered_lines": 3, "num_statements": 3, "percent_covered": 100.0, "percent_covered_display": "100", "missing_lines": 0, "excluded_lines": 0, "percent_statements_covered": 100.0, "percent_statements_covered_display": "100"}, "missing_lines": [], "excluded_lines": [], "start_line": 461}, "OllamaClient.is_available": {"executed_lines": [475], "summary": {"covered_lines": 1, "num_statements": 1, "percent_covered": 100.0, "percent_covered_display": "100", "missing_lines": 0, "excluded_lines": 0, "percent_statements_covered": 100.0, "percent_statements_covered_display": "100"}, "missing_lines": [], "excluded_lines": [], "start_line": 474}, "OllamaClient._supports_stream_usage": {"executed_lines": [479], "summary": {"covered_lines": 1, "num_statements": 1, "percent_covered": 100.0, "percent_covered_display": "100", "missing_lines": 0, "excluded_lines": 0, "percent_statements_covered": 100.0, "percent_statements_covered_display": "100"}, "missing_lines": [], "excluded_lines": [], "start_line": 477}, "MoonshotClient.__init__": {"executed_lines": [497], "summary": {"covered_lines": 1, "num_statements": 1, "percent_covered": 100.0, "percent_covered_display": "100", "missing_lines": 0, "excluded_lines": 0, "percent_statements_covered": 100.0, "percent_statements_covered_display": "100"}, "missing_lines": [], "excluded_lines": [], "start_line": 491}, "MoonshotClient._supports_stream_usage": {"executed_lines": [505], "summary": {"covered_lines": 1, "num_statements": 1, "percent_covered": 100.0, "percent_covered_display": "100", "missing_lines": 0, "excluded_lines": 0, "percent_statements_covered": 100.0, "percent_statements_covered_display": "100"}, "missing_lines": [], "excluded_lines": [], "start_line": 503}, "MoonshotClient.chat": {"executed_lines": [], "summary": {"covered_lines": 0, "num_statements": 5, "percent_covered": 0.0, "percent_covered_display": "0", "missing_lines": 5, "excluded_lines": 0, "percent_statements_covered": 0.0, "percent_statements_covered_display": "0"}, "missing_lines": [517, 518, 519, 520, 523], "excluded_lines": [], "start_line": 507}, "KimiCodingClient.__init__": {"executed_lines": [541], "summary": {"covered_lines": 1, "num_statements": 1, "percent_covered": 100.0, "percent_covered_display": "100", "missing_lines": 0, "excluded_lines": 0, "percent_statements_covered": 100.0, "percent_statements_covered_display": "100"}, "missing_lines": [], "excluded_lines": [], "start_line": 535}, "KimiCodingClient._supports_stream_usage": {"executed_lines": [], "summary": {"covered_lines": 0, "num_statements": 1, "percent_covered": 0.0, "percent_covered_display": "0", "missing_lines": 1, "excluded_lines": 0, "percent_statements_covered": 0.0, "percent_statements_covered_display": "0"}, "missing_lines": [549], "excluded_lines": [], "start_line": 547}, "ZhipuClient.__init__": {"executed_lines": [566], "summary": {"covered_lines": 1, "num_statements": 1, "percent_covered": 100.0, "percent_covered_display": "100", "missing_lines": 0, "excluded_lines": 0, "percent_statements_covered": 100.0, "percent_statements_covered_display": "100"}, "missing_lines": [], "excluded_lines": [], "start_line": 561}, "DeepSeekClient.__init__": {"executed_lines": [587], "summary": {"covered_lines": 1, "num_statements": 1, "percent_covered": 100.0, "percent_covered_display": "100", "missing_lines": 0, "excluded_lines": 0, "percent_statements_covered": 100.0, "percent_statements_covered_display": "100"}, "missing_lines": [], "excluded_lines": [], "start_line": 582}, "DashScopeClient.__init__": {"executed_lines": [608], "summary": {"covered_lines": 1, "num_statements": 1, "percent_covered": 100.0, "percent_covered_display": "100", "missing_lines": 0, "excluded_lines": 0, "percent_statements_covered": 100.0, "percent_statements_covered_display": "100"}, "missing_lines": [], "excluded_lines": [], "start_line": 603}, "ModelResolver.__init__": {"executed_lines": [627, 638], "summary": {"covered_lines": 2, "num_statements": 2, "percent_covered": 100.0, "percent_covered_display": "100", "missing_lines": 0, "excluded_lines": 0, "percent_statements_covered": 100.0, "percent_statements_covered_display": "100"}, "missing_lines": [], "excluded_lines": [], "start_line": 625}, "ModelResolver.set_preferred_provider": {"executed_lines": [], "summary": {"covered_lines": 0, "num_statements": 2, "percent_covered": 0.0, "percent_covered_display": "0", "missing_lines": 2, "excluded_lines": 0, "percent_statements_covered": 0.0, "percent_statements_covered_display": "0"}, "missing_lines": [646, 647], "excluded_lines": [], "start_line": 640}, "ModelResolver.get_preferred_provider": {"executed_lines": [], "summary": {"covered_lines": 0, "num_statements": 1, "percent_covered": 0.0, "percent_covered_display": "0", "missing_lines": 1, "excluded_lines": 0, "percent_statements_covered": 0.0, "percent_statements_covered_display": "0"}, "missing_lines": [651], "excluded_lines": [], "start_line": 649}, "ModelResolver.get_active_model_info": {"executed_lines": [], "summary": {"covered_lines": 0, "num_statements": 8, "percent_covered": 0.0, "percent_covered_display": "0", "missing_lines": 8, "excluded_lines": 0, "percent_statements_covered": 0.0, "percent_statements_covered_display": "0"}, "missing_lines": [663, 664, 665, 669, 676, 677, 678, 684], "excluded_lines": [], "start_line": 653}, "ModelResolver._get_ordered_clients": {"executed_lines": [691, 692], "summary": {"covered_lines": 2, "num_statements": 9, "percent_covered": 22.22222222222222, "percent_covered_display": "22", "missing_lines": 7, "excluded_lines": 0, "percent_statements_covered": 22.22222222222222, "percent_statements_covered_display": "22"}, "missing_lines": [694, 695, 696, 697, 698, 700, 701], "excluded_lines": [], "start_line": 686}, "ModelResolver.reload_clients": {"executed_lines": [713, 715, 718, 755], "summary": {"covered_lines": 4, "num_statements": 4, "percent_covered": 100.0, "percent_covered_display": "100", "missing_lines": 0, "excluded_lines": 0, "percent_statements_covered": 100.0, "percent_statements_covered_display": "100"}, "missing_lines": [], "excluded_lines": [], "start_line": 703}, "ModelResolver.reload_clients._get": {"executed_lines": [716], "summary": {"covered_lines": 1, "num_statements": 1, "percent_covered": 100.0, "percent_covered_display": "100", "missing_lines": 0, "excluded_lines": 0, "percent_statements_covered": 100.0, "percent_statements_covered_display": "100"}, "missing_lines": [], "excluded_lines": [], "start_line": 715}, "ModelResolver.get_active_client": {"executed_lines": [762, 763, 764], "summary": {"covered_lines": 3, "num_statements": 4, "percent_covered": 75.0, "percent_covered_display": "75", "missing_lines": 1, "excluded_lines": 0, "percent_statements_covered": 75.0, "percent_statements_covered_display": "75"}, "missing_lines": [765], "excluded_lines": [], "start_line": 760}, "ModelResolver.chat": {"executed_lines": [783, 784, 786, 788, 789, 790, 791, 792, 795, 796, 797, 799, 800, 801, 802, 804], "summary": {"covered_lines": 16, "num_statements": 17, "percent_covered": 94.11764705882354, "percent_covered_display": "94", "missing_lines": 1, "excluded_lines": 0, "percent_statements_covered": 94.11764705882354, "percent_statements_covered_display": "94"}, "missing_lines": [798], "excluded_lines": [], "start_line": 771}, "ModelResolver.chat_complete": {"executed_lines": [815, 816, 819, 820, 822, 824], "summary": {"covered_lines": 6, "num_statements": 8, "percent_covered": 75.0, "percent_covered_display": "75", "missing_lines": 2, "excluded_lines": 0, "percent_statements_covered": 75.0, "percent_statements_covered_display": "75"}, "missing_lines": [821, 823], "excluded_lines": [], "start_line": 806}, "reload_model_resolver": {"executed_lines": [833, 835, 836, 839, 840], "summary": {"covered_lines": 5, "num_statements": 7, "percent_covered": 71.42857142857143, "percent_covered_display": "71", "missing_lines": 2, "excluded_lines": 0, "percent_statements_covered": 71.42857142857143, "percent_statements_covered_display": "71"}, "missing_lines": [841, 842], "excluded_lines": [], "start_line": 831}, "": {"executed_lines": [7, 9, 10, 11, 12, 13, 15, 17, 23, 24, 27, 28, 29, 30, 33, 34, 37, 38, 39, 45, 49, 50, 52, 53, 66, 67, 71, 75, 87, 90, 103, 121, 124, 201, 217, 225, 228, 229, 231, 247, 250, 251, 253, 262, 268, 271, 335, 341, 390, 391, 430, 455, 458, 459, 461, 474, 477, 485, 488, 489, 491, 503, 507, 529, 532, 533, 535, 547, 555, 558, 559, 561, 576, 579, 580, 582, 597, 600, 601, 603, 618, 625, 640, 649, 653, 686, 703, 760, 771, 806, 828, 831], "summary": {"covered_lines": 92, "num_statements": 92, "percent_covered": 100.0, "percent_covered_display": "100", "missing_lines": 0, "excluded_lines": 1, "percent_statements_covered": 100.0, "percent_statements_covered_display": "100"}, "missing_lines": [], "excluded_lines": [70], "start_line": 1}}, "classes": {"LLMChunk": {"executed_lines": [], "summary": {"covered_lines": 0, "num_statements": 0, "percent_covered": 100.0, "percent_covered_display": "100", "missing_lines": 0, "excluded_lines": 0, "percent_statements_covered": 100.0, "percent_statements_covered_display": "100"}, "missing_lines": [], "excluded_lines": [], "start_line": 24}, "LLMResponse": {"executed_lines": [], "summary": {"covered_lines": 0, "num_statements": 0, "percent_covered": 100.0, "percent_covered_display": "100", "missing_lines": 0, "excluded_lines": 0, "percent_statements_covered": 100.0, "percent_statements_covered_display": "100"}, "missing_lines": [], "excluded_lines": [], "start_line": 34}, "BaseLLMClient": {"executed_lines": [], "summary": {"covered_lines": 0, "num_statements": 2, "percent_covered": 0.0, "percent_covered_display": "0", "missing_lines": 2, "excluded_lines": 2, "percent_statements_covered": 0.0, "percent_statements_covered_display": "0"}, "missing_lines": [64, 73], "excluded_lines": [62, 69], "start_line": 45}, "OpenAICompatibleClient": {"executed_lines": [97, 98, 99, 100, 101, 104, 105, 107, 108, 109, 112, 115, 118, 119, 122, 132, 133, 135, 142, 144, 148, 203, 204, 205, 208, 210, 212, 214, 215, 219], "summary": {"covered_lines": 30, "num_statements": 64, "percent_covered": 46.875, "percent_covered_display": "47", "missing_lines": 34, "excluded_lines": 0, "percent_statements_covered": 46.875, "percent_statements_covered_display": "47"}, "missing_lines": [143, 145, 146, 151, 153, 154, 155, 157, 158, 160, 161, 164, 165, 166, 167, 168, 173, 174, 175, 176, 177, 178, 179, 180, 183, 184, 185, 187, 188, 189, 194, 206, 207, 211], "excluded_lines": [], "start_line": 87}, "OpenAIClient": {"executed_lines": [237], "summary": {"covered_lines": 1, "num_statements": 1, "percent_covered": 100.0, "percent_covered_display": "100", "missing_lines": 0, "excluded_lines": 0, "percent_statements_covered": 100.0, "percent_statements_covered_display": "100"}, "missing_lines": [], "excluded_lines": [], "start_line": 225}, "AnthropicClient": {"executed_lines": [258, 259, 260, 263, 269, 279, 280, 282, 283, 285, 291, 292, 293, 294, 296, 298, 299, 300, 301, 302, 303, 304, 305, 319, 320, 321, 322, 327, 328, 345, 346, 348, 349, 350, 351, 352, 353, 354, 356, 358, 364, 366, 370, 371, 379, 386, 388, 393, 394, 396, 398, 399, 400, 401, 402, 410, 411, 412, 413, 414, 415, 416, 417, 419, 420, 421, 423, 424, 426, 428, 434, 436, 437, 438, 439, 440, 442, 449], "summary": {"covered_lines": 78, "num_statements": 97, "percent_covered": 80.41237113402062, "percent_covered_display": "80", "missing_lines": 19, "excluded_lines": 0, "percent_statements_covered": 80.41237113402062, "percent_statements_covered_display": "80"}, "missing_lines": [264, 266, 337, 338, 339, 368, 373, 374, 375, 377, 387, 397, 403, 404, 406, 408, 427, 435, 441], "excluded_lines": [], "start_line": 247}, "OllamaClient": {"executed_lines": [466, 467, 468, 475, 479], "summary": {"covered_lines": 5, "num_statements": 5, "percent_covered": 100.0, "percent_covered_display": "100", "missing_lines": 0, "excluded_lines": 0, "percent_statements_covered": 100.0, "percent_statements_covered_display": "100"}, "missing_lines": [], "excluded_lines": [], "start_line": 455}, "MoonshotClient": {"executed_lines": [497, 505], "summary": {"covered_lines": 2, "num_statements": 7, "percent_covered": 28.571428571428573, "percent_covered_display": "29", "missing_lines": 5, "excluded_lines": 0, "percent_statements_covered": 28.571428571428573, "percent_statements_covered_display": "29"}, "missing_lines": [517, 518, 519, 520, 523], "excluded_lines": [], "start_line": 485}, "KimiCodingClient": {"executed_lines": [541], "summary": {"covered_lines": 1, "num_statements": 2, "percent_covered": 50.0, "percent_covered_display": "50", "missing_lines": 1, "excluded_lines": 0, "percent_statements_covered": 50.0, "percent_statements_covered_display": "50"}, "missing_lines": [549], "excluded_lines": [], "start_line": 529}, "ZhipuClient": {"executed_lines": [566], "summary": {"covered_lines": 1, "num_statements": 1, "percent_covered": 100.0, "percent_covered_display": "100", "missing_lines": 0, "excluded_lines": 0, "percent_statements_covered": 100.0, "percent_statements_covered_display": "100"}, "missing_lines": [], "excluded_lines": [], "start_line": 555}, "DeepSeekClient": {"executed_lines": [587], "summary": {"covered_lines": 1, "num_statements": 1, "percent_covered": 100.0, "percent_covered_display": "100", "missing_lines": 0, "excluded_lines": 0, "percent_statements_covered": 100.0, "percent_statements_covered_display": "100"}, "missing_lines": [], "excluded_lines": [], "start_line": 576}, "DashScopeClient": {"executed_lines": [608], "summary": {"covered_lines": 1, "num_statements": 1, "percent_covered": 100.0, "percent_covered_display": "100", "missing_lines": 0, "excluded_lines": 0, "percent_statements_covered": 100.0, "percent_statements_covered_display": "100"}, "missing_lines": [], "excluded_lines": [], "start_line": 597}, "ModelResolver": {"executed_lines": [627, 638, 691, 692, 713, 715, 716, 718, 755, 762, 763, 764, 783, 784, 786, 788, 789, 790, 791, 792, 795, 796, 797, 799, 800, 801, 802, 804, 815, 816, 819, 820, 822, 824], "summary": {"covered_lines": 34, "num_statements": 56, "percent_covered": 60.714285714285715, "percent_covered_display": "61", "missing_lines": 22, "excluded_lines": 0, "percent_statements_covered": 60.714285714285715, "percent_statements_covered_display": "61"}, "missing_lines": [646, 647, 651, 663, 664, 665, 669, 676, 677, 678, 684, 694, 695, 696, 697, 698, 700, 701, 765, 798, 821, 823], "excluded_lines": [], "start_line": 618}, "": {"executed_lines": [7, 9, 10, 11, 12, 13, 15, 17, 23, 24, 27, 28, 29, 30, 33, 34, 37, 38, 39, 45, 49, 50, 52, 53, 66, 67, 71, 75, 87, 90, 103, 121, 124, 201, 217, 225, 228, 229, 231, 247, 250, 251, 253, 262, 268, 271, 335, 341, 390, 391, 430, 455, 458, 459, 461, 474, 477, 485, 488, 489, 491, 503, 507, 529, 532, 533, 535, 547, 555, 558, 559, 561, 576, 579, 580, 582, 597, 600, 601, 603, 618, 625, 640, 649, 653, 686, 703, 760, 771, 806, 828, 831, 833, 835, 836, 839, 840], "summary": {"covered_lines": 97, "num_statements": 99, "percent_covered": 97.97979797979798, "percent_covered_display": "98", "missing_lines": 2, "excluded_lines": 1, "percent_statements_covered": 97.97979797979798, "percent_statements_covered_display": "98"}, "missing_lines": [841, 842], "excluded_lines": [70], "start_line": 1}}}, "src/nini/agent/planner.py": {"executed_lines": [6, 8, 9, 11, 12, 13, 22, 25, 35, 41, 43, 58, 61, 64, 67, 68, 83, 98, 99, 102, 117, 131, 137, 144, 146, 147, 157, 164, 232, 246, 260, 267, 273, 274, 284, 289, 291], "summary": {"covered_lines": 37, "num_statements": 68, "percent_covered": 54.411764705882355, "percent_covered_display": "54", "missing_lines": 31, "excluded_lines": 0, "percent_statements_covered": 54.411764705882355, "percent_statements_covered_display": "54"}, "missing_lines": [148, 149, 150, 151, 152, 153, 155, 166, 167, 168, 171, 172, 173, 175, 176, 193, 194, 213, 214, 268, 269, 270, 275, 276, 277, 278, 279, 285, 308, 311, 313], "excluded_lines": [], "functions": {"PlannerAgent.__init__": {"executed_lines": [41], "summary": {"covered_lines": 1, "num_statements": 1, "percent_covered": 100.0, "percent_covered_display": "100", "missing_lines": 0, "excluded_lines": 0, "percent_statements_covered": 100.0, "percent_statements_covered_display": "100"}, "missing_lines": [], "excluded_lines": [], "start_line": 35}, "PlannerAgent.create_plan": {"executed_lines": [58, 61, 64, 67, 68, 83, 98, 99, 102, 117, 131], "summary": {"covered_lines": 11, "num_statements": 11, "percent_covered": 100.0, "percent_covered_display": "100", "missing_lines": 0, "excluded_lines": 0, "percent_statements_covered": 100.0, "percent_statements_covered_display": "100"}, "missing_lines": [], "excluded_lines": [], "start_line": 43}, "PlannerAgent._analyze_intent": {"executed_lines": [144, 146, 147], "summary": {"covered_lines": 3, "num_statements": 10, "percent_covered": 30.0, "percent_covered_display": "30", "missing_lines": 7, "excluded_lines": 0, "percent_statements_covered": 30.0, "percent_statements_covered_display": "30"}, "missing_lines": [148, 149, 150, 151, 152, 153, 155], "excluded_lines": [], "start_line": 137}, "PlannerAgent._create_statistical_phase": {"executed_lines": [164, 232], "summary": {"covered_lines": 2, "num_statements": 14, "percent_covered": 14.285714285714286, "percent_covered_display": "14", "missing_lines": 12, "excluded_lines": 0, "percent_statements_covered": 14.285714285714286, "percent_statements_covered_display": "14"}, "missing_lines": [166, 167, 168, 171, 172, 173, 175, 176, 193, 194, 213, 214], "excluded_lines": [], "start_line": 157}, "PlannerAgent.validate_plan": {"executed_lines": [260, 267, 273, 274, 284, 289], "summary": {"covered_lines": 6, "num_statements": 15, "percent_covered": 40.0, "percent_covered_display": "40", "missing_lines": 9, "excluded_lines": 0, "percent_statements_covered": 40.0, "percent_statements_covered_display": "40"}, "missing_lines": [268, 269, 270, 275, 276, 277, 278, 279, 285], "excluded_lines": [], "start_line": 246}, "PlannerAgent.revise_plan": {"executed_lines": [], "summary": {"covered_lines": 0, "num_statements": 3, "percent_covered": 0.0, "percent_covered_display": "0", "missing_lines": 3, "excluded_lines": 0, "percent_statements_covered": 0.0, "percent_statements_covered_display": "0"}, "missing_lines": [308, 311, 313], "excluded_lines": [], "start_line": 291}, "": {"executed_lines": [6, 8, 9, 11, 12, 13, 22, 25, 35, 43, 137, 157, 246, 291], "summary": {"covered_lines": 14, "num_statements": 14, "percent_covered": 100.0, "percent_covered_display": "100", "missing_lines": 0, "excluded_lines": 0, "percent_statements_covered": 100.0, "percent_statements_covered_display": "100"}, "missing_lines": [], "excluded_lines": [], "start_line": 1}}, "classes": {"PlannerAgent": {"executed_lines": [41, 58, 61, 64, 67, 68, 83, 98, 99, 102, 117, 131, 144, 146, 147, 164, 232, 260, 267, 273, 274, 284, 289], "summary": {"covered_lines": 23, "num_statements": 54, "percent_covered": 42.592592592592595, "percent_covered_display": "43", "missing_lines": 31, "excluded_lines": 0, "percent_statements_covered": 42.592592592592595, "percent_statements_covered_display": "43"}, "missing_lines": [148, 149, 150, 151, 152, 153, 155, 166, 167, 168, 171, 172, 173, 175, 176, 193, 194, 213, 214, 268, 269, 270, 275, 276, 277, 278, 279, 285, 308, 311, 313], "excluded_lines": [], "start_line": 25}, "": {"executed_lines": [6, 8, 9, 11, 12, 13, 22, 25, 35, 43, 137, 157, 246, 291], "summary": {"covered_lines": 14, "num_statements": 14, "percent_covered": 100.0, "percent_covered_display": "100", "missing_lines": 0, "excluded_lines": 0, "percent_statements_covered": 100.0, "percent_statements_covered_display": "100"}, "missing_lines": [], "excluded_lines": [], "start_line": 1}}}, "src/nini/agent/profile_manager.py": {"executed_lines": [6, 8, 9, 10, 11, 13, 14, 16, 19, 25, 31, 32, 34, 36, 38, 47, 48, 49, 52, 53, 55, 64, 65, 66, 68, 69, 70, 75, 81, 82, 83, 87, 92, 98, 99, 103, 126, 139, 140, 141, 143, 144, 146, 148, 163, 172, 175, 176, 179, 180, 182, 184, 186, 189, 193, 194, 197, 200, 203, 207, 210, 213, 214, 215, 218, 220], "summary": {"covered_lines": 66, "num_statements": 90, "percent_covered": 73.33333333333333, "percent_covered_display": "73", "missing_lines": 24, "excluded_lines": 0, "percent_statements_covered": 73.33333333333333, "percent_statements_covered_display": "73"}, "missing_lines": [71, 72, 73, 88, 89, 90, 100, 101, 117, 119, 120, 121, 123, 124, 159, 160, 161, 181, 183, 185, 187, 190, 198, 201], "excluded_lines": [], "functions": {"UserProfileManager.__init__": {"executed_lines": [31, 32], "summary": {"covered_lines": 2, "num_statements": 2, "percent_covered": 100.0, "percent_covered_display": "100", "missing_lines": 0, "excluded_lines": 0, "percent_statements_covered": 100.0, "percent_statements_covered_display": "100"}, "missing_lines": [], "excluded_lines": [], "start_line": 25}, "UserProfileManager._get_profile_path": {"executed_lines": [36], "summary": {"covered_lines": 1, "num_statements": 1, "percent_covered": 100.0, "percent_covered_display": "100", "missing_lines": 0, "excluded_lines": 0, "percent_statements_covered": 100.0, "percent_statements_covered_display": "100"}, "missing_lines": [], "excluded_lines": [], "start_line": 34}, "UserProfileManager.get_or_create": {"executed_lines": [47, 48, 49, 52, 53], "summary": {"covered_lines": 5, "num_statements": 5, "percent_covered": 100.0, "percent_covered_display": "100", "missing_lines": 0, "excluded_lines": 0, "percent_statements_covered": 100.0, "percent_statements_covered_display": "100"}, "missing_lines": [], "excluded_lines": [], "start_line": 38}, "UserProfileManager.load": {"executed_lines": [64, 65, 66, 68, 69, 70], "summary": {"covered_lines": 6, "num_statements": 9, "percent_covered": 66.66666666666667, "percent_covered_display": "67", "missing_lines": 3, "excluded_lines": 0, "percent_statements_covered": 66.66666666666667, "percent_statements_covered_display": "67"}, "missing_lines": [71, 72, 73], "excluded_lines": [], "start_line": 55}, "UserProfileManager.save": {"executed_lines": [81, 82, 83, 87], "summary": {"covered_lines": 4, "num_statements": 7, "percent_covered": 57.142857142857146, "percent_covered_display": "57", "missing_lines": 3, "excluded_lines": 0, "percent_statements_covered": 57.142857142857146, "percent_statements_covered_display": "57"}, "missing_lines": [88, 89, 90], "excluded_lines": [], "start_line": 75}, "UserProfileManager.delete": {"executed_lines": [98, 99], "summary": {"covered_lines": 2, "num_statements": 4, "percent_covered": 50.0, "percent_covered_display": "50", "missing_lines": 2, "excluded_lines": 0, "percent_statements_covered": 50.0, "percent_statements_covered_display": "50"}, "missing_lines": [100, 101], "excluded_lines": [], "start_line": 92}, "UserProfileManager.update": {"executed_lines": [], "summary": {"covered_lines": 0, "num_statements": 6, "percent_covered": 0.0, "percent_covered_display": "0", "missing_lines": 6, "excluded_lines": 0, "percent_statements_covered": 0.0, "percent_statements_covered_display": "0"}, "missing_lines": [117, 119, 120, 121, 123, 124], "excluded_lines": [], "start_line": 103}, "UserProfileManager.record_analysis": {"executed_lines": [139, 140, 141, 143, 144, 146], "summary": {"covered_lines": 6, "num_statements": 6, "percent_covered": 100.0, "percent_covered_display": "100", "missing_lines": 0, "excluded_lines": 0, "percent_statements_covered": 100.0, "percent_statements_covered_display": "100"}, "missing_lines": [], "excluded_lines": [], "start_line": 126}, "UserProfileManager.record_dataset_usage": {"executed_lines": [], "summary": {"covered_lines": 0, "num_statements": 3, "percent_covered": 0.0, "percent_covered_display": "0", "missing_lines": 3, "excluded_lines": 0, "percent_statements_covered": 0.0, "percent_statements_covered_display": "0"}, "missing_lines": [159, 160, 161], "excluded_lines": [], "start_line": 148}, "UserProfileManager.get_profile_prompt": {"executed_lines": [172, 175, 176, 179, 180, 182, 184, 186, 189, 193, 194, 197, 200, 203], "summary": {"covered_lines": 14, "num_statements": 21, "percent_covered": 66.66666666666667, "percent_covered_display": "67", "missing_lines": 7, "excluded_lines": 0, "percent_statements_covered": 66.66666666666667, "percent_statements_covered_display": "67"}, "missing_lines": [181, 183, 185, 187, 190, 198, 201], "excluded_lines": [], "start_line": 163}, "get_profile_manager": {"executed_lines": [213, 214, 215], "summary": {"covered_lines": 3, "num_statements": 3, "percent_covered": 100.0, "percent_covered_display": "100", "missing_lines": 0, "excluded_lines": 0, "percent_statements_covered": 100.0, "percent_statements_covered_display": "100"}, "missing_lines": [], "excluded_lines": [], "start_line": 210}, "get_user_profile_prompt": {"executed_lines": [220], "summary": {"covered_lines": 1, "num_statements": 1, "percent_covered": 100.0, "percent_covered_display": "100", "missing_lines": 0, "excluded_lines": 0, "percent_statements_covered": 100.0, "percent_statements_covered_display": "100"}, "missing_lines": [], "excluded_lines": [], "start_line": 218}, "": {"executed_lines": [6, 8, 9, 10, 11, 13, 14, 16, 19, 25, 34, 38, 55, 75, 92, 103, 126, 148, 163, 207, 210, 218], "summary": {"covered_lines": 22, "num_statements": 22, "percent_covered": 100.0, "percent_covered_display": "100", "missing_lines": 0, "excluded_lines": 0, "percent_statements_covered": 100.0, "percent_statements_covered_display": "100"}, "missing_lines": [], "excluded_lines": [], "start_line": 1}}, "classes": {"UserProfileManager": {"executed_lines": [31, 32, 36, 47, 48, 49, 52, 53, 64, 65, 66, 68, 69, 70, 81, 82, 83, 87, 98, 99, 139, 140, 141, 143, 144, 146, 172, 175, 176, 179, 180, 182, 184, 186, 189, 193, 194, 197, 200, 203], "summary": {"covered_lines": 40, "num_statements": 64, "percent_covered": 62.5, "percent_covered_display": "62", "missing_lines": 24, "excluded_lines": 0, "percent_statements_covered": 62.5, "percent_statements_covered_display": "62"}, "missing_lines": [71, 72, 73, 88, 89, 90, 100, 101, 117, 119, 120, 121, 123, 124, 159, 160, 161, 181, 183, 185, 187, 190, 198, 201], "excluded_lines": [], "start_line": 19}, "": {"executed_lines": [6, 8, 9, 10, 11, 13, 14, 16, 19, 25, 34, 38, 55, 75, 92, 103, 126, 148, 163, 207, 210, 213, 214, 215, 218, 220], "summary": {"covered_lines": 26, "num_statements": 26, "percent_covered": 100.0, "percent_covered_display": "100", "missing_lines": 0, "excluded_lines": 0, "percent_statements_covered": 100.0, "percent_statements_covered_display": "100"}, "missing_lines": [], "excluded_lines": [], "start_line": 1}}}, "src/nini/agent/prompts/__init__.py": {"executed_lines": [], "summary": {"covered_lines": 0, "num_statements": 0, "percent_covered": 100.0, "percent_covered_display": "100", "missing_lines": 0, "excluded_lines": 0, "percent_statements_covered": 100.0, "percent_statements_covered_display": "100"}, "missing_lines": [], "excluded_lines": [], "functions": {"": {"executed_lines": [], "summary": {"covered_lines": 0, "num_statements": 0, "percent_covered": 100.0, "percent_covered_display": "100", "missing_lines": 0, "excluded_lines": 0, "percent_statements_covered": 100.0, "percent_statements_covered_display": "100"}, "missing_lines": [], "excluded_lines": [], "start_line": 1}}, "classes": {"": {"executed_lines": [], "summary": {"covered_lines": 0, "num_statements": 0, "percent_covered": 100.0, "percent_covered_display": "100", "missing_lines": 0, "excluded_lines": 0, "percent_statements_covered": 100.0, "percent_statements_covered_display": "100"}, "missing_lines": [], "excluded_lines": [], "start_line": 1}}}, "src/nini/agent/prompts/builder.py": {"executed_lines": [12, 14, 15, 16, 17, 19, 21, 24, 69, 80, 92, 93, 94, 95, 96, 99, 109, 110, 112, 113, 114, 115, 118, 119, 122, 125, 133, 134, 135, 136, 138, 139, 141, 142, 143, 145, 146, 147, 149, 150, 156, 157, 158, 159, 160, 161, 162, 163, 168, 170, 171, 213, 214, 215, 216, 217, 220, 221], "summary": {"covered_lines": 58, "num_statements": 74, "percent_covered": 78.37837837837837, "percent_covered_display": "78", "missing_lines": 16, "excluded_lines": 0, "percent_statements_covered": 78.37837837837837, "percent_statements_covered_display": "78"}, "missing_lines": [126, 130, 180, 185, 186, 188, 189, 190, 192, 193, 195, 197, 200, 201, 206, 211], "excluded_lines": [], "functions": {"PromptBuilder.__init__": {"executed_lines": [110], "summary": {"covered_lines": 1, "num_statements": 1, "percent_covered": 100.0, "percent_covered_display": "100", "missing_lines": 0, "excluded_lines": 0, "percent_statements_covered": 100.0, "percent_statements_covered_display": "100"}, "missing_lines": [], "excluded_lines": [], "start_line": 109}, "PromptBuilder.build": {"executed_lines": [113, 114, 115, 118, 119, 122, 125, 133, 134, 135, 136, 138, 139], "summary": {"covered_lines": 13, "num_statements": 15, "percent_covered": 86.66666666666667, "percent_covered_display": "87", "missing_lines": 2, "excluded_lines": 0, "percent_statements_covered": 86.66666666666667, "percent_statements_covered_display": "87"}, "missing_lines": [126, 130], "excluded_lines": [], "start_line": 112}, "PromptBuilder._load_components": {"executed_lines": [142, 143, 145, 146, 147, 149, 150, 156, 157, 158, 159, 160, 161, 162, 163, 168], "summary": {"covered_lines": 16, "num_statements": 16, "percent_covered": 100.0, "percent_covered_display": "100", "missing_lines": 0, "excluded_lines": 0, "percent_statements_covered": 100.0, "percent_statements_covered_display": "100"}, "missing_lines": [], "excluded_lines": [], "start_line": 141}, "PromptBuilder._apply_budget_protection": {"executed_lines": [], "summary": {"covered_lines": 0, "num_statements": 13, "percent_covered": 0.0, "percent_covered_display": "0", "missing_lines": 13, "excluded_lines": 0, "percent_statements_covered": 0.0, "percent_statements_covered_display": "0"}, "missing_lines": [180, 185, 188, 189, 190, 192, 193, 195, 197, 200, 201, 206, 211], "excluded_lines": [], "start_line": 171}, "PromptBuilder._apply_budget_protection._total_size": {"executed_lines": [], "summary": {"covered_lines": 0, "num_statements": 1, "percent_covered": 0.0, "percent_covered_display": "0", "missing_lines": 1, "excluded_lines": 0, "percent_statements_covered": 0.0, "percent_statements_covered_display": "0"}, "missing_lines": [186], "excluded_lines": [], "start_line": 185}, "PromptBuilder._truncate": {"executed_lines": [215, 216, 217], "summary": {"covered_lines": 3, "num_statements": 3, "percent_covered": 100.0, "percent_covered_display": "100", "missing_lines": 0, "excluded_lines": 0, "percent_statements_covered": 100.0, "percent_statements_covered_display": "100"}, "missing_lines": [], "excluded_lines": [], "start_line": 214}, "build_system_prompt": {"executed_lines": [221], "summary": {"covered_lines": 1, "num_statements": 1, "percent_covered": 100.0, "percent_covered_display": "100", "missing_lines": 0, "excluded_lines": 0, "percent_statements_covered": 100.0, "percent_statements_covered_display": "100"}, "missing_lines": [], "excluded_lines": [], "start_line": 220}, "": {"executed_lines": [12, 14, 15, 16, 17, 19, 21, 24, 69, 80, 92, 93, 94, 95, 96, 99, 109, 112, 141, 170, 171, 213, 214, 220], "summary": {"covered_lines": 24, "num_statements": 24, "percent_covered": 100.0, "percent_covered_display": "100", "missing_lines": 0, "excluded_lines": 0, "percent_statements_covered": 100.0, "percent_statements_covered_display": "100"}, "missing_lines": [], "excluded_lines": [], "start_line": 1}}, "classes": {"PromptComponent": {"executed_lines": [], "summary": {"covered_lines": 0, "num_statements": 0, "percent_covered": 100.0, "percent_covered_display": "100", "missing_lines": 0, "excluded_lines": 0, "percent_statements_covered": 100.0, "percent_statements_covered_display": "100"}, "missing_lines": [], "excluded_lines": [], "start_line": 93}, "PromptBuilder": {"executed_lines": [110, 113, 114, 115, 118, 119, 122, 125, 133, 134, 135, 136, 138, 139, 142, 143, 145, 146, 147, 149, 150, 156, 157, 158, 159, 160, 161, 162, 163, 168, 215, 216, 217], "summary": {"covered_lines": 33, "num_statements": 49, "percent_covered": 67.34693877551021, "percent_covered_display": "67", "missing_lines": 16, "excluded_lines": 0, "percent_statements_covered": 67.34693877551021, "percent_statements_covered_display": "67"}, "missing_lines": [126, 130, 180, 185, 186, 188, 189, 190, 192, 193, 195, 197, 200, 201, 206, 211], "excluded_lines": [], "start_line": 99}, "": {"executed_lines": [12, 14, 15, 16, 17, 19, 21, 24, 69, 80, 92, 93, 94, 95, 96, 99, 109, 112, 141, 170, 171, 213, 214, 220, 221], "summary": {"covered_lines": 25, "num_statements": 25, "percent_covered": 100.0, "percent_covered_display": "100", "missing_lines": 0, "excluded_lines": 0, "percent_statements_covered": 100.0, "percent_statements_covered_display": "100"}, "missing_lines": [], "excluded_lines": [], "start_line": 1}}}, "src/nini/agent/prompts/scientific.py": {"executed_lines": [3, 6, 8], "summary": {"covered_lines": 3, "num_statements": 3, "percent_covered": 100.0, "percent_covered_display": "100", "missing_lines": 0, "excluded_lines": 0, "percent_statements_covered": 100.0, "percent_statements_covered_display": "100"}, "missing_lines": [], "excluded_lines": [], "functions": {"get_system_prompt": {"executed_lines": [8], "summary": {"covered_lines": 1, "num_statements": 1, "percent_covered": 100.0, "percent_covered_display": "100", "missing_lines": 0, "excluded_lines": 0, "percent_statements_covered": 100.0, "percent_statements_covered_display": "100"}, "missing_lines": [], "excluded_lines": [], "start_line": 6}, "": {"executed_lines": [3, 6], "summary": {"covered_lines": 2, "num_statements": 2, "percent_covered": 100.0, "percent_covered_display": "100", "missing_lines": 0, "excluded_lines": 0, "percent_statements_covered": 100.0, "percent_statements_covered_display": "100"}, "missing_lines": [], "excluded_lines": [], "start_line": 1}}, "classes": {"": {"executed_lines": [3, 6, 8], "summary": {"covered_lines": 3, "num_statements": 3, "percent_covered": 100.0, "percent_covered_display": "100", "missing_lines": 0, "excluded_lines": 0, "percent_statements_covered": 100.0, "percent_statements_covered_display": "100"}, "missing_lines": [], "excluded_lines": [], "start_line": 1}}}, "src/nini/agent/runner.py": {"executed_lines": [7, 9, 10, 11, 12, 13, 14, 15, 16, 17, 19, 20, 21, 22, 23, 24, 25, 26, 28, 30, 45, 51, 52, 53, 54, 55, 56, 57, 58, 59, 60, 61, 62, 65, 66, 69, 70, 72, 73, 75, 81, 84, 90, 91, 92, 96, 113, 114, 115, 116, 117, 118, 120, 121, 126, 133, 134, 135, 142, 145, 146, 147, 149, 150, 151, 156, 157, 158, 160, 161, 163, 166, 167, 168, 169, 170, 171, 172, 175, 184, 189, 190, 191, 192, 196, 201, 202, 204, 205, 209, 210, 211, 213, 222, 227, 228, 233, 242, 245, 246, 247, 252, 253, 254, 255, 256, 259, 263, 265, 266, 281, 292, 305, 306, 307, 312, 319, 346, 347, 348, 353, 363, 365, 366, 368, 373, 374, 375, 378, 379, 380, 381, 382, 383, 388, 391, 394, 395, 403, 404, 405, 406, 413, 419, 420, 421, 425, 429, 430, 436, 437, 438, 448, 458, 459, 460, 462, 464, 465, 471, 472, 474, 475, 476, 477, 478, 479, 480, 483, 485, 493, 494, 496, 497, 500, 503, 505, 507, 508, 510, 511, 512, 515, 516, 518, 519, 520, 528, 529, 530, 532, 533, 535, 536, 537, 538, 539, 540, 541, 542, 543, 545, 546, 548, 549, 551, 553, 554, 558, 559, 560, 561, 562, 567, 569, 571, 572, 573, 574, 575, 577, 578, 581, 582, 584, 585, 587, 588, 589, 592, 593, 595, 596, 598, 600, 601, 602, 603, 604, 608, 609, 615, 617, 619, 620, 622, 624, 625, 626, 628, 629, 630, 632, 633, 634, 636, 637, 638, 639, 644, 645, 647, 648, 650, 653, 655, 657, 658, 660, 661, 662, 663, 665, 666, 672, 674, 677, 679, 682, 683, 685, 687, 688, 689, 691, 698, 701, 702, 706, 707, 708, 715, 723, 724, 726, 727, 730, 733, 734, 737, 738, 743, 744, 745, 751], "summary": {"covered_lines": 305, "num_statements": 364, "percent_covered": 83.79120879120879, "percent_covered_display": "84", "missing_lines": 59, "excluded_lines": 0, "percent_statements_covered": 83.79120879120879, "percent_statements_covered_display": "84"}, "missing_lines": [122, 123, 152, 153, 164, 176, 177, 178, 185, 186, 206, 207, 282, 287, 293, 298, 320, 322, 323, 324, 325, 327, 328, 329, 334, 339, 342, 354, 357, 449, 486, 502, 513, 550, 590, 599, 605, 606, 616, 649, 651, 654, 667, 673, 675, 678, 680, 699, 703, 704, 709, 710, 711, 712, 713, 728, 729, 731, 735], "excluded_lines": [], "functions": {"AgentRunner.__init__": {"executed_lines": [90, 91, 92], "summary": {"covered_lines": 3, "num_statements": 3, "percent_covered": 100.0, "percent_covered_display": "100", "missing_lines": 0, "excluded_lines": 0, "percent_statements_covered": 100.0, "percent_statements_covered_display": "100"}, "missing_lines": [], "excluded_lines": [], "start_line": 84}, "AgentRunner.run": {"executed_lines": [113, 114, 115, 116, 117, 118, 120, 121, 126, 133, 134, 135, 142, 145, 146, 147, 149, 150, 151, 156, 157, 158, 160, 161, 163, 166, 167, 168, 169, 170, 171, 172, 175, 184, 189, 190, 191, 192, 196, 201, 202, 204, 205, 209, 210, 211, 213, 222, 227, 228, 233, 242, 245, 246, 247, 252, 253, 254, 255, 256, 259, 263, 265, 266, 281, 292, 305, 306, 307, 312, 319, 346, 347, 348, 353], "summary": {"covered_lines": 75, "num_statements": 104, "percent_covered": 72.11538461538461, "percent_covered_display": "72", "missing_lines": 29, "excluded_lines": 0, "percent_statements_covered": 72.11538461538461, "percent_statements_covered_display": "72"}, "missing_lines": [122, 123, 152, 153, 164, 176, 177, 178, 185, 186, 206, 207, 282, 287, 293, 298, 320, 322, 323, 324, 325, 327, 328, 329, 334, 339, 342, 354, 357], "excluded_lines": [], "start_line": 96}, "AgentRunner._build_messages": {"executed_lines": [365, 366], "summary": {"covered_lines": 2, "num_statements": 2, "percent_covered": 100.0, "percent_covered_display": "100", "missing_lines": 0, "excluded_lines": 0, "percent_statements_covered": 100.0, "percent_statements_covered_display": "100"}, "missing_lines": [], "excluded_lines": [], "start_line": 363}, "AgentRunner._build_messages_and_retrieval": {"executed_lines": [373, 374, 375, 378, 379, 380, 381, 382, 383, 388, 391, 394, 395, 403, 404, 405, 406, 413, 419, 420, 421, 425, 429, 430, 436, 437, 438, 448, 458, 459, 460, 462], "summary": {"covered_lines": 32, "num_statements": 33, "percent_covered": 96.96969696969697, "percent_covered_display": "97", "missing_lines": 1, "excluded_lines": 0, "percent_statements_covered": 96.96969696969697, "percent_statements_covered_display": "97"}, "missing_lines": [449], "excluded_lines": [], "start_line": 368}, "AgentRunner._filter_valid_messages": {"executed_lines": [471, 472, 474, 475, 476, 477, 478, 479, 480, 483, 485, 493, 494, 496, 497, 500, 503, 505], "summary": {"covered_lines": 18, "num_statements": 20, "percent_covered": 90.0, "percent_covered_display": "90", "missing_lines": 2, "excluded_lines": 0, "percent_statements_covered": 90.0, "percent_statements_covered_display": "90"}, "missing_lines": [486, 502], "excluded_lines": [], "start_line": 465}, "AgentRunner._get_last_user_message": {"executed_lines": [510, 511, 512], "summary": {"covered_lines": 3, "num_statements": 4, "percent_covered": 75.0, "percent_covered_display": "75", "missing_lines": 1, "excluded_lines": 0, "percent_statements_covered": 75.0, "percent_statements_covered_display": "75"}, "missing_lines": [513], "excluded_lines": [], "start_line": 508}, "AgentRunner._sanitize_for_system_context": {"executed_lines": [518, 519, 520, 528, 529, 530], "summary": {"covered_lines": 6, "num_statements": 6, "percent_covered": 100.0, "percent_covered_display": "100", "missing_lines": 0, "excluded_lines": 0, "percent_statements_covered": 100.0, "percent_statements_covered_display": "100"}, "missing_lines": [], "excluded_lines": [], "start_line": 516}, "AgentRunner._sanitize_reference_text": {"executed_lines": [535, 536, 537, 538, 539, 540, 541, 542, 543, 545, 546, 548, 549, 551], "summary": {"covered_lines": 14, "num_statements": 15, "percent_covered": 93.33333333333333, "percent_covered_display": "93", "missing_lines": 1, "excluded_lines": 0, "percent_statements_covered": 93.33333333333333, "percent_statements_covered_display": "93"}, "missing_lines": [550], "excluded_lines": [], "start_line": 533}, "AgentRunner._prepare_messages_for_llm": {"executed_lines": [558, 559, 560, 561, 562, 567, 569, 571, 572, 573, 574, 575, 577, 578, 581, 582], "summary": {"covered_lines": 16, "num_statements": 16, "percent_covered": 100.0, "percent_covered_display": "100", "missing_lines": 0, "excluded_lines": 0, "percent_statements_covered": 100.0, "percent_statements_covered_display": "100"}, "missing_lines": [], "excluded_lines": [], "start_line": 554}, "AgentRunner._serialize_tool_result_for_memory": {"executed_lines": [587, 588, 589], "summary": {"covered_lines": 3, "num_statements": 4, "percent_covered": 75.0, "percent_covered_display": "75", "missing_lines": 1, "excluded_lines": 0, "percent_statements_covered": 75.0, "percent_statements_covered_display": "75"}, "missing_lines": [590], "excluded_lines": [], "start_line": 585}, "AgentRunner._compact_tool_content": {"executed_lines": [595, 596, 598, 600, 601, 602, 603, 604, 608, 609, 615, 617], "summary": {"covered_lines": 12, "num_statements": 16, "percent_covered": 75.0, "percent_covered_display": "75", "missing_lines": 4, "excluded_lines": 0, "percent_statements_covered": 75.0, "percent_statements_covered_display": "75"}, "missing_lines": [599, 605, 606, 616], "excluded_lines": [], "start_line": 593}, "AgentRunner._summarize_tool_result_dict": {"executed_lines": [622, 624, 625, 626, 628, 629, 630, 632, 633, 634, 636, 637, 638, 639, 644, 645, 647, 648, 650, 653, 655], "summary": {"covered_lines": 21, "num_statements": 24, "percent_covered": 87.5, "percent_covered_display": "88", "missing_lines": 3, "excluded_lines": 0, "percent_statements_covered": 87.5, "percent_statements_covered_display": "88"}, "missing_lines": [649, 651, 654], "excluded_lines": [], "start_line": 620}, "AgentRunner._summarize_nested_dict": {"executed_lines": [660, 661, 662, 663, 665, 666, 672, 674, 677, 679, 682, 683], "summary": {"covered_lines": 12, "num_statements": 17, "percent_covered": 70.58823529411765, "percent_covered_display": "71", "missing_lines": 5, "excluded_lines": 0, "percent_statements_covered": 70.58823529411765, "percent_statements_covered_display": "71"}, "missing_lines": [667, 673, 675, 678, 680], "excluded_lines": [], "start_line": 658}, "AgentRunner._get_tool_definitions": {"executed_lines": [687, 688, 689], "summary": {"covered_lines": 3, "num_statements": 3, "percent_covered": 100.0, "percent_covered_display": "100", "missing_lines": 0, "excluded_lines": 0, "percent_statements_covered": 100.0, "percent_statements_covered_display": "100"}, "missing_lines": [], "excluded_lines": [], "start_line": 685}, "AgentRunner._execute_tool": {"executed_lines": [698, 701, 702, 706, 707, 708], "summary": {"covered_lines": 6, "num_statements": 14, "percent_covered": 42.857142857142854, "percent_covered_display": "43", "missing_lines": 8, "excluded_lines": 0, "percent_statements_covered": 42.857142857142854, "percent_statements_covered_display": "43"}, "missing_lines": [699, 703, 704, 709, 710, 711, 712, 713], "excluded_lines": [], "start_line": 691}, "AgentRunner._persist_run_code_source": {"executed_lines": [723, 724, 726, 727, 730, 733, 734, 737, 738, 743, 744, 745, 751], "summary": {"covered_lines": 13, "num_statements": 17, "percent_covered": 76.47058823529412, "percent_covered_display": "76", "missing_lines": 4, "excluded_lines": 0, "percent_statements_covered": 76.47058823529412, "percent_statements_covered_display": "76"}, "missing_lines": [728, 729, 731, 735], "excluded_lines": [], "start_line": 715}, "": {"executed_lines": [7, 9, 10, 11, 12, 13, 14, 15, 16, 17, 19, 20, 21, 22, 23, 24, 25, 26, 28, 30, 45, 51, 52, 53, 54, 55, 56, 57, 58, 59, 60, 61, 62, 65, 66, 69, 70, 72, 73, 75, 81, 84, 96, 363, 368, 464, 465, 507, 508, 515, 516, 532, 533, 553, 554, 584, 585, 592, 593, 619, 620, 657, 658, 685, 691, 715], "summary": {"covered_lines": 66, "num_statements": 66, "percent_covered": 100.0, "percent_covered_display": "100", "missing_lines": 0, "excluded_lines": 0, "percent_statements_covered": 100.0, "percent_statements_covered_display": "100"}, "missing_lines": [], "excluded_lines": [], "start_line": 1}}, "classes": {"EventType": {"executed_lines": [], "summary": {"covered_lines": 0, "num_statements": 0, "percent_covered": 100.0, "percent_covered_display": "100", "missing_lines": 0, "excluded_lines": 0, "percent_statements_covered": 100.0, "percent_statements_covered_display": "100"}, "missing_lines": [], "excluded_lines": [], "start_line": 51}, "AgentEvent": {"executed_lines": [], "summary": {"covered_lines": 0, "num_statements": 0, "percent_covered": 100.0, "percent_covered_display": "100", "missing_lines": 0, "excluded_lines": 0, "percent_statements_covered": 100.0, "percent_statements_covered_display": "100"}, "missing_lines": [], "excluded_lines": [], "start_line": 66}, "AgentRunner": {"executed_lines": [90, 91, 92, 113, 114, 115, 116, 117, 118, 120, 121, 126, 133, 134, 135, 142, 145, 146, 147, 149, 150, 151, 156, 157, 158, 160, 161, 163, 166, 167, 168, 169, 170, 171, 172, 175, 184, 189, 190, 191, 192, 196, 201, 202, 204, 205, 209, 210, 211, 213, 222, 227, 228, 233, 242, 245, 246, 247, 252, 253, 254, 255, 256, 259, 263, 265, 266, 281, 292, 305, 306, 307, 312, 319, 346, 347, 348, 353, 365, 366, 373, 374, 375, 378, 379, 380, 381, 382, 383, 388, 391, 394, 395, 403, 404, 405, 406, 413, 419, 420, 421, 425, 429, 430, 436, 437, 438, 448, 458, 459, 460, 462, 471, 472, 474, 475, 476, 477, 478, 479, 480, 483, 485, 493, 494, 496, 497, 500, 503, 505, 510, 511, 512, 518, 519, 520, 528, 529, 530, 535, 536, 537, 538, 539, 540, 541, 542, 543, 545, 546, 548, 549, 551, 558, 559, 560, 561, 562, 567, 569, 571, 572, 573, 574, 575, 577, 578, 581, 582, 587, 588, 589, 595, 596, 598, 600, 601, 602, 603, 604, 608, 609, 615, 617, 622, 624, 625, 626, 628, 629, 630, 632, 633, 634, 636, 637, 638, 639, 644, 645, 647, 648, 650, 653, 655, 660, 661, 662, 663, 665, 666, 672, 674, 677, 679, 682, 683, 687, 688, 689, 698, 701, 702, 706, 707, 708, 723, 724, 726, 727, 730, 733, 734, 737, 738, 743, 744, 745, 751], "summary": {"covered_lines": 239, "num_statements": 298, "percent_covered": 80.20134228187919, "percent_covered_display": "80", "missing_lines": 59, "excluded_lines": 0, "percent_statements_covered": 80.20134228187919, "percent_statements_covered_display": "80"}, "missing_lines": [122, 123, 152, 153, 164, 176, 177, 178, 185, 186, 206, 207, 282, 287, 293, 298, 320, 322, 323, 324, 325, 327, 328, 329, 334, 339, 342, 354, 357, 449, 486, 502, 513, 550, 590, 599, 605, 606, 616, 649, 651, 654, 667, 673, 675, 678, 680, 699, 703, 704, 709, 710, 711, 712, 713, 728, 729, 731, 735], "excluded_lines": [], "start_line": 81}, "": {"executed_lines": [7, 9, 10, 11, 12, 13, 14, 15, 16, 17, 19, 20, 21, 22, 23, 24, 25, 26, 28, 30, 45, 51, 52, 53, 54, 55, 56, 57, 58, 59, 60, 61, 62, 65, 66, 69, 70, 72, 73, 75, 81, 84, 96, 363, 368, 464, 465, 507, 508, 515, 516, 532, 533, 553, 554, 584, 585, 592, 593, 619, 620, 657, 658, 685, 691, 715], "summary": {"covered_lines": 66, "num_statements": 66, "percent_covered": 100.0, "percent_covered_display": "100", "missing_lines": 0, "excluded_lines": 0, "percent_statements_covered": 100.0, "percent_statements_covered_display": "100"}, "missing_lines": [], "excluded_lines": [], "start_line": 1}}}, "src/nini/agent/session.py": {"executed_lines": [3, 5, 6, 7, 8, 9, 10, 12, 14, 15, 16, 19, 20, 23, 24, 25, 26, 27, 28, 29, 30, 31, 32, 33, 34, 36, 37, 38, 39, 40, 42, 43, 44, 45, 47, 54, 59, 60, 61, 62, 63, 65, 80, 81, 86, 87, 89, 91, 92, 93, 94, 95, 97, 100, 101, 104, 105, 106, 108, 110, 111, 112, 113, 115, 117, 118, 120, 123, 124, 125, 128, 131, 132, 134, 140, 142, 143, 144, 145, 146, 147, 148, 149, 151, 152, 153, 154, 157, 165, 166, 168, 169, 171, 172, 173, 175, 176, 177, 183, 185, 194, 202, 204, 206, 207, 209, 217, 218, 220, 221, 223, 224, 231, 237, 239, 241, 250, 259, 261, 262, 264, 265, 266, 267, 276, 277, 278, 279, 280, 281, 283, 284, 285, 286, 287, 289, 291, 292, 294, 295, 296, 297, 298, 299, 303, 304, 305, 309], "summary": {"covered_lines": 148, "num_statements": 178, "percent_covered": 83.14606741573034, "percent_covered_display": "83", "missing_lines": 30, "excluded_lines": 0, "percent_statements_covered": 83.14606741573034, "percent_statements_covered_display": "83"}, "missing_lines": [66, 77, 78, 98, 102, 119, 121, 150, 155, 181, 188, 189, 190, 191, 192, 196, 197, 198, 199, 200, 210, 219, 268, 269, 270, 271, 272, 273, 274, 293], "excluded_lines": [], "functions": {"Session.__post_init__": {"executed_lines": [37, 38, 39, 40], "summary": {"covered_lines": 4, "num_statements": 4, "percent_covered": 100.0, "percent_covered_display": "100", "missing_lines": 0, "excluded_lines": 0, "percent_statements_covered": 100.0, "percent_statements_covered_display": "100"}, "missing_lines": [], "excluded_lines": [], "start_line": 36}, "Session.add_message": {"executed_lines": [43, 44, 45], "summary": {"covered_lines": 3, "num_statements": 3, "percent_covered": 100.0, "percent_covered_display": "100", "missing_lines": 0, "excluded_lines": 0, "percent_statements_covered": 100.0, "percent_statements_covered_display": "100"}, "missing_lines": [], "excluded_lines": [], "start_line": 42}, "Session.add_assistant_event": {"executed_lines": [54, 59, 60, 61, 62, 63], "summary": {"covered_lines": 6, "num_statements": 6, "percent_covered": 100.0, "percent_covered_display": "100", "missing_lines": 0, "excluded_lines": 0, "percent_statements_covered": 100.0, "percent_statements_covered_display": "100"}, "missing_lines": [], "excluded_lines": [], "start_line": 47}, "Session.add_tool_call": {"executed_lines": [], "summary": {"covered_lines": 0, "num_statements": 3, "percent_covered": 0.0, "percent_covered_display": "0", "missing_lines": 3, "excluded_lines": 0, "percent_statements_covered": 0.0, "percent_statements_covered_display": "0"}, "missing_lines": [66, 77, 78], "excluded_lines": [], "start_line": 65}, "Session.add_tool_result": {"executed_lines": [81, 86, 87], "summary": {"covered_lines": 3, "num_statements": 3, "percent_covered": 100.0, "percent_covered_display": "100", "missing_lines": 0, "excluded_lines": 0, "percent_statements_covered": 100.0, "percent_statements_covered_display": "100"}, "missing_lines": [], "excluded_lines": [], "start_line": 80}, "Session.rollback_last_turn": {"executed_lines": [91, 92, 93, 94, 95, 97, 100, 101, 104, 105, 106], "summary": {"covered_lines": 11, "num_statements": 13, "percent_covered": 84.61538461538461, "percent_covered_display": "85", "missing_lines": 2, "excluded_lines": 0, "percent_statements_covered": 84.61538461538461, "percent_statements_covered_display": "85"}, "missing_lines": [98, 102], "excluded_lines": [], "start_line": 89}, "Session._rewrite_conversation_memory": {"executed_lines": [110, 111, 112, 113], "summary": {"covered_lines": 4, "num_statements": 4, "percent_covered": 100.0, "percent_covered_display": "100", "missing_lines": 0, "excluded_lines": 0, "percent_statements_covered": 100.0, "percent_statements_covered_display": "100"}, "missing_lines": [], "excluded_lines": [], "start_line": 108}, "Session.set_compressed_context": {"executed_lines": [117, 118, 120, 123, 124, 125], "summary": {"covered_lines": 6, "num_statements": 8, "percent_covered": 75.0, "percent_covered_display": "75", "missing_lines": 2, "excluded_lines": 0, "percent_statements_covered": 75.0, "percent_statements_covered_display": "75"}, "missing_lines": [119, 121], "excluded_lines": [], "start_line": 115}, "SessionManager.__init__": {"executed_lines": [132], "summary": {"covered_lines": 1, "num_statements": 1, "percent_covered": 100.0, "percent_covered_display": "100", "missing_lines": 0, "excluded_lines": 0, "percent_statements_covered": 100.0, "percent_statements_covered_display": "100"}, "missing_lines": [], "excluded_lines": [], "start_line": 131}, "SessionManager.create_session": {"executed_lines": [140, 142, 143, 144, 145, 146, 147, 148, 149, 151, 152, 153, 154, 157, 165, 166], "summary": {"covered_lines": 16, "num_statements": 18, "percent_covered": 88.88888888888889, "percent_covered_display": "89", "missing_lines": 2, "excluded_lines": 0, "percent_statements_covered": 88.88888888888889, "percent_statements_covered_display": "89"}, "missing_lines": [150, 155], "excluded_lines": [], "start_line": 134}, "SessionManager.get_session": {"executed_lines": [169], "summary": {"covered_lines": 1, "num_statements": 1, "percent_covered": 100.0, "percent_covered_display": "100", "missing_lines": 0, "excluded_lines": 0, "percent_statements_covered": 100.0, "percent_statements_covered_display": "100"}, "missing_lines": [], "excluded_lines": [], "start_line": 168}, "SessionManager.get_or_create": {"executed_lines": [172, 173, 175, 176, 177, 183], "summary": {"covered_lines": 6, "num_statements": 7, "percent_covered": 85.71428571428571, "percent_covered_display": "86", "missing_lines": 1, "excluded_lines": 0, "percent_statements_covered": 85.71428571428571, "percent_statements_covered_display": "86"}, "missing_lines": [181], "excluded_lines": [], "start_line": 171}, "SessionManager.remove_session": {"executed_lines": [], "summary": {"covered_lines": 0, "num_statements": 5, "percent_covered": 0.0, "percent_covered_display": "0", "missing_lines": 5, "excluded_lines": 0, "percent_statements_covered": 0.0, "percent_statements_covered_display": "0"}, "missing_lines": [188, 189, 190, 191, 192], "excluded_lines": [], "start_line": 185}, "SessionManager.update_session_title": {"executed_lines": [], "summary": {"covered_lines": 0, "num_statements": 5, "percent_covered": 0.0, "percent_covered_display": "0", "missing_lines": 5, "excluded_lines": 0, "percent_statements_covered": 0.0, "percent_statements_covered_display": "0"}, "missing_lines": [196, 197, 198, 199, 200], "excluded_lines": [], "start_line": 194}, "SessionManager.session_exists": {"executed_lines": [204], "summary": {"covered_lines": 1, "num_statements": 1, "percent_covered": 100.0, "percent_covered_display": "100", "missing_lines": 0, "excluded_lines": 0, "percent_statements_covered": 100.0, "percent_statements_covered_display": "100"}, "missing_lines": [], "excluded_lines": [], "start_line": 202}, "SessionManager.list_sessions": {"executed_lines": [207, 209, 217, 218, 220, 221, 223, 224, 231], "summary": {"covered_lines": 9, "num_statements": 11, "percent_covered": 81.81818181818181, "percent_covered_display": "82", "missing_lines": 2, "excluded_lines": 0, "percent_statements_covered": 81.81818181818181, "percent_statements_covered_display": "82"}, "missing_lines": [210, 219], "excluded_lines": [], "start_line": 206}, "SessionManager.save_session_title": {"executed_lines": [239], "summary": {"covered_lines": 1, "num_statements": 1, "percent_covered": 100.0, "percent_covered_display": "100", "missing_lines": 0, "excluded_lines": 0, "percent_statements_covered": 100.0, "percent_statements_covered_display": "100"}, "missing_lines": [], "excluded_lines": [], "start_line": 237}, "SessionManager.save_session_compression": {"executed_lines": [250], "summary": {"covered_lines": 1, "num_statements": 1, "percent_covered": 100.0, "percent_covered_display": "100", "missing_lines": 0, "excluded_lines": 0, "percent_statements_covered": 100.0, "percent_statements_covered_display": "100"}, "missing_lines": [], "excluded_lines": [], "start_line": 241}, "SessionManager._load_session_title": {"executed_lines": [261, 262], "summary": {"covered_lines": 2, "num_statements": 2, "percent_covered": 100.0, "percent_covered_display": "100", "missing_lines": 0, "excluded_lines": 0, "percent_statements_covered": 100.0, "percent_statements_covered_display": "100"}, "missing_lines": [], "excluded_lines": [], "start_line": 259}, "SessionManager._load_session_meta": {"executed_lines": [265, 266, 267], "summary": {"covered_lines": 3, "num_statements": 10, "percent_covered": 30.0, "percent_covered_display": "30", "missing_lines": 7, "excluded_lines": 0, "percent_statements_covered": 30.0, "percent_statements_covered_display": "30"}, "missing_lines": [268, 269, 270, 271, 272, 273, 274], "excluded_lines": [], "start_line": 264}, "SessionManager._save_session_meta_fields": {"executed_lines": [277, 278, 279, 280, 281], "summary": {"covered_lines": 5, "num_statements": 5, "percent_covered": 100.0, "percent_covered_display": "100", "missing_lines": 0, "excluded_lines": 0, "percent_statements_covered": 100.0, "percent_statements_covered_display": "100"}, "missing_lines": [], "excluded_lines": [], "start_line": 276}, "SessionManager._session_exists_on_disk": {"executed_lines": [284, 285, 286, 287], "summary": {"covered_lines": 4, "num_statements": 4, "percent_covered": 100.0, "percent_covered_display": "100", "missing_lines": 0, "excluded_lines": 0, "percent_statements_covered": 100.0, "percent_statements_covered_display": "100"}, "missing_lines": [], "excluded_lines": [], "start_line": 283}, "SessionManager._list_persisted_session_ids": {"executed_lines": [291, 292, 294, 295, 296, 297, 298, 299, 303, 304, 305], "summary": {"covered_lines": 11, "num_statements": 12, "percent_covered": 91.66666666666667, "percent_covered_display": "92", "missing_lines": 1, "excluded_lines": 0, "percent_statements_covered": 91.66666666666667, "percent_statements_covered_display": "92"}, "missing_lines": [293], "excluded_lines": [], "start_line": 2
[...]
rcent_statements_covered_display": "100"}, "missing_lines": [], "excluded_lines": [], "functions": {"": {"executed_lines": [3, 5], "summary": {"covered_lines": 2, "num_statements": 2, "percent_covered": 100.0, "percent_covered_display": "100", "missing_lines": 0, "excluded_lines": 0, "percent_statements_covered": 100.0, "percent_statements_covered_display": "100"}, "missing_lines": [], "excluded_lines": [], "start_line": 1}}, "classes": {"": {"executed_lines": [3, 5], "summary": {"covered_lines": 2, "num_statements": 2, "percent_covered": 100.0, "percent_covered_display": "100", "missing_lines": 0, "excluded_lines": 0, "percent_statements_covered": 100.0, "percent_statements_covered_display": "100"}, "missing_lines": [], "excluded_lines": [], "start_line": 1}}}, "src/nini/workspace/manager.py": {"executed_lines": [10, 12, 13, 14, 15, 16, 17, 18, 19, 20, 21, 22, 24, 26, 28, 31, 32, 35, 38, 39, 40, 41, 42, 43, 44, 45, 47, 48, 49, 50, 51, 53, 54, 55, 57, 58, 60, 61, 62, 63, 64, 77, 78, 89, 90, 91, 92, 93, 94, 95, 96, 97, 99, 100, 101, 102, 103, 104, 105, 111, 112, 113, 118, 129, 130, 141, 146, 147, 148, 149, 151, 152, 153, 154, 156, 157, 158, 159, 160, 166, 167, 168, 169, 170, 172, 178, 179, 180, 182, 183, 185, 186, 188, 189, 194, 196, 197, 198, 211, 213, 221, 222, 232, 233, 235, 236, 237, 238, 240, 241, 242, 243, 245, 246, 249, 255, 256, 257, 258, 259, 261, 262, 264, 265, 274, 275, 277, 278, 279, 280, 282, 283, 284, 285, 287, 288, 289, 290, 291, 297, 298, 300, 301, 321, 349, 350, 351, 352, 353, 354, 367, 368, 372, 374, 375, 376, 377, 378, 379, 380, 382, 384, 385, 387, 388, 389, 390, 391, 392, 394, 395, 396, 397, 399, 400, 403, 404, 405, 406, 407, 409, 410, 412, 414, 415, 417, 418, 419, 420, 422, 423, 426, 427, 428, 429, 430, 432, 433, 435, 436, 439, 440, 441, 442, 445, 446, 447, 453, 454, 456, 458, 466, 467, 468, 470, 471, 474, 475, 478, 479, 480, 483, 505, 516, 517, 518, 519, 520, 521, 522, 524, 527, 560, 562, 563, 565, 566, 567, 568, 569, 570, 571, 575, 584, 585, 586, 595, 596, 600, 602, 618, 620, 621, 622, 623, 624, 625, 626, 627, 628, 629, 631, 632, 633, 634, 635, 645, 646, 647, 648, 649, 650, 654, 695, 706, 708, 709, 711, 712, 718, 719, 720, 722, 724, 725, 726, 728, 730, 731, 732, 733, 734, 735, 736], "summary": {"covered_lines": 294, "num_statements": 420, "percent_covered": 70.0, "percent_covered_display": "70", "missing_lines": 126, "excluded_lines": 0, "percent_statements_covered": 70.0, "percent_statements_covered_display": "70"}, "missing_lines": [56, 65, 66, 67, 68, 69, 70, 71, 72, 73, 74, 75, 98, 106, 107, 108, 109, 155, 173, 174, 175, 176, 181, 184, 187, 190, 191, 193, 199, 200, 201, 202, 203, 204, 205, 206, 207, 208, 209, 210, 234, 244, 247, 248, 260, 276, 286, 322, 323, 324, 325, 326, 327, 328, 329, 330, 331, 438, 448, 449, 450, 451, 472, 476, 485, 486, 494, 495, 506, 507, 523, 525, 526, 539, 540, 550, 604, 605, 606, 607, 608, 609, 610, 611, 612, 613, 614, 630, 636, 637, 638, 639, 640, 641, 642, 643, 644, 656, 657, 659, 660, 661, 662, 665, 668, 669, 670, 677, 678, 679, 682, 684, 685, 686, 687, 688, 690, 691, 693, 697, 698, 699, 700, 701, 702, 737], "excluded_lines": [], "functions": {"_now_iso": {"executed_lines": [32], "summary": {"covered_lines": 1, "num_statements": 1, "percent_covered": 100.0, "percent_covered_display": "100", "missing_lines": 0, "excluded_lines": 0, "percent_statements_covered": 100.0, "percent_statements_covered_display": "100"}, "missing_lines": [], "excluded_lines": [], "start_line": 31}, "WorkspaceManager.__init__": {"executed_lines": [39, 40, 41, 42, 43, 44, 45], "summary": {"covered_lines": 7, "num_statements": 7, "percent_covered": 100.0, "percent_covered_display": "100", "missing_lines": 0, "excluded_lines": 0, "percent_statements_covered": 100.0, "percent_statements_covered_display": "100"}, "missing_lines": [], "excluded_lines": [], "start_line": 38}, "WorkspaceManager.ensure_dirs": {"executed_lines": [48, 49, 50, 51], "summary": {"covered_lines": 4, "num_statements": 4, "percent_covered": 100.0, "percent_covered_display": "100", "missing_lines": 0, "excluded_lines": 0, "percent_statements_covered": 100.0, "percent_statements_covered_display": "100"}, "missing_lines": [], "excluded_lines": [], "start_line": 47}, "WorkspaceManager.sanitize_filename": {"executed_lines": [54, 55, 57, 58], "summary": {"covered_lines": 4, "num_statements": 5, "percent_covered": 80.0, "percent_covered_display": "80", "missing_lines": 1, "excluded_lines": 0, "percent_statements_covered": 80.0, "percent_statements_covered_display": "80"}, "missing_lines": [56], "excluded_lines": [], "start_line": 53}, "WorkspaceManager.unique_dataset_name": {"executed_lines": [61, 62, 63, 64], "summary": {"covered_lines": 4, "num_statements": 15, "percent_covered": 26.666666666666668, "percent_covered_display": "27", "missing_lines": 11, "excluded_lines": 0, "percent_statements_covered": 26.666666666666668, "percent_statements_covered_display": "27"}, "missing_lines": [65, 66, 67, 68, 69, 70, 71, 72, 73, 74, 75], "excluded_lines": [], "start_line": 60}, "WorkspaceManager._default_index": {"executed_lines": [78], "summary": {"covered_lines": 1, "num_statements": 1, "percent_covered": 100.0, "percent_covered_display": "100", "missing_lines": 0, "excluded_lines": 0, "percent_statements_covered": 100.0, "percent_statements_covered_display": "100"}, "missing_lines": [], "excluded_lines": [], "start_line": 77}, "WorkspaceManager._load_index": {"executed_lines": [90, 91, 92, 93, 94, 95, 96, 97, 99, 100, 101, 102, 103, 104, 105], "summary": {"covered_lines": 15, "num_statements": 20, "percent_covered": 75.0, "percent_covered_display": "75", "missing_lines": 5, "excluded_lines": 0, "percent_statements_covered": 75.0, "percent_statements_covered_display": "75"}, "missing_lines": [98, 106, 107, 108, 109], "excluded_lines": [], "start_line": 89}, "WorkspaceManager._save_index": {"executed_lines": [112, 113], "summary": {"covered_lines": 2, "num_statements": 2, "percent_covered": 100.0, "percent_covered_display": "100", "missing_lines": 0, "excluded_lines": 0, "percent_statements_covered": 100.0, "percent_statements_covered_display": "100"}, "missing_lines": [], "excluded_lines": [], "start_line": 111}, "WorkspaceManager.add_dataset_record": {"executed_lines": [129, 130, 141, 146, 147, 148, 149], "summary": {"covered_lines": 7, "num_statements": 7, "percent_covered": 100.0, "percent_covered_display": "100", "missing_lines": 0, "excluded_lines": 0, "percent_statements_covered": 100.0, "percent_statements_covered_display": "100"}, "missing_lines": [], "excluded_lines": [], "start_line": 118}, "WorkspaceManager.list_datasets": {"executed_lines": [152, 153, 154, 156, 157, 158, 159, 160], "summary": {"covered_lines": 8, "num_statements": 9, "percent_covered": 88.88888888888889, "percent_covered_display": "89", "missing_lines": 1, "excluded_lines": 0, "percent_statements_covered": 88.88888888888889, "percent_statements_covered_display": "89"}, "missing_lines": [155], "excluded_lines": [], "start_line": 151}, "WorkspaceManager.get_dataset_by_id": {"executed_lines": [167, 168, 169, 170], "summary": {"covered_lines": 4, "num_statements": 4, "percent_covered": 100.0, "percent_covered_display": "100", "missing_lines": 0, "excluded_lines": 0, "percent_statements_covered": 100.0, "percent_statements_covered_display": "100"}, "missing_lines": [], "excluded_lines": [], "start_line": 166}, "WorkspaceManager.get_dataset_by_name": {"executed_lines": [], "summary": {"covered_lines": 0, "num_statements": 4, "percent_covered": 0.0, "percent_covered_display": "0", "missing_lines": 4, "excluded_lines": 0, "percent_statements_covered": 0.0, "percent_statements_covered_display": "0"}, "missing_lines": [173, 174, 175, 176], "excluded_lines": [], "start_line": 172}, "WorkspaceManager.load_dataset_by_id": {"executed_lines": [179, 180, 182, 183, 185, 186, 188, 189, 194], "summary": {"covered_lines": 9, "num_statements": 15, "percent_covered": 60.0, "percent_covered_display": "60", "missing_lines": 6, "excluded_lines": 0, "percent_statements_covered": 60.0, "percent_statements_covered_display": "60"}, "missing_lines": [181, 184, 187, 190, 191, 193], "excluded_lines": [], "start_line": 178}, "WorkspaceManager.hydrate_session_datasets": {"executed_lines": [197, 198, 211], "summary": {"covered_lines": 3, "num_statements": 15, "percent_covered": 20.0, "percent_covered_display": "20", "missing_lines": 12, "excluded_lines": 0, "percent_statements_covered": 20.0, "percent_statements_covered_display": "20"}, "missing_lines": [199, 200, 201, 202, 203, 204, 205, 206, 207, 208, 209, 210], "excluded_lines": [], "start_line": 196}, "WorkspaceManager.add_artifact_record": {"executed_lines": [221, 222, 232, 233, 235, 236, 237, 238], "summary": {"covered_lines": 8, "num_statements": 9, "percent_covered": 88.88888888888889, "percent_covered_display": "89", "missing_lines": 1, "excluded_lines": 0, "percent_statements_covered": 88.88888888888889, "percent_statements_covered_display": "89"}, "missing_lines": [234], "excluded_lines": [], "start_line": 213}, "WorkspaceManager.list_artifacts": {"executed_lines": [241, 242, 243, 245, 246, 249], "summary": {"covered_lines": 6, "num_statements": 9, "percent_covered": 66.66666666666667, "percent_covered_display": "67", "missing_lines": 3, "excluded_lines": 0, "percent_statements_covered": 66.66666666666667, "percent_statements_covered_display": "67"}, "missing_lines": [244, 247, 248], "excluded_lines": [], "start_line": 240}, "WorkspaceManager.save_text_note": {"executed_lines": [256, 257, 258, 259, 261, 262, 264, 265, 274, 275, 277, 278, 279, 280], "summary": {"covered_lines": 14, "num_statements": 16, "percent_covered": 87.5, "percent_covered_display": "88", "missing_lines": 2, "excluded_lines": 0, "percent_statements_covered": 87.5, "percent_statements_covered_display": "88"}, "missing_lines": [260, 276], "excluded_lines": [], "start_line": 255}, "WorkspaceManager.list_notes": {"executed_lines": [283, 284, 285, 287, 288, 289, 290, 291], "summary": {"covered_lines": 8, "num_statements": 9, "percent_covered": 88.88888888888889, "percent_covered_display": "89", "missing_lines": 1, "excluded_lines": 0, "percent_statements_covered": 88.88888888888889, "percent_statements_covered_display": "89"}, "missing_lines": [286], "excluded_lines": [], "start_line": 282}, "WorkspaceManager.list_workspace_files": {"executed_lines": [298, 300, 301, 321, 349, 350, 351, 352, 353, 354, 367, 368], "summary": {"covered_lines": 12, "num_statements": 22, "percent_covered": 54.54545454545455, "percent_covered_display": "55", "missing_lines": 10, "excluded_lines": 0, "percent_statements_covered": 54.54545454545455, "percent_statements_covered_display": "55"}, "missing_lines": [322, 323, 324, 325, 326, 327, 328, 329, 330, 331], "excluded_lines": [], "start_line": 297}, "WorkspaceManager._find_record_by_id": {"executed_lines": [374, 375, 376, 377, 378, 379, 380], "summary": {"covered_lines": 7, "num_statements": 7, "percent_covered": 100.0, "percent_covered_display": "100", "missing_lines": 0, "excluded_lines": 0, "percent_statements_covered": 100.0, "percent_statements_covered_display": "100"}, "missing_lines": [], "excluded_lines": [], "start_line": 372}, "WorkspaceManager.delete_file": {"executed_lines": [384, 385, 387, 388, 389, 390, 391, 392, 394, 395, 396, 397, 399, 400, 403, 404, 405, 406, 407, 409, 410], "summary": {"covered_lines": 21, "num_statements": 21, "percent_covered": 100.0, "percent_covered_display": "100", "missing_lines": 0, "excluded_lines": 0, "percent_statements_covered": 100.0, "percent_statements_covered_display": "100"}, "missing_lines": [], "excluded_lines": [], "start_line": 382}, "WorkspaceManager.rename_file": {"executed_lines": [414, 415, 417, 418, 419, 420, 422, 423, 426, 427, 428, 429, 430, 432, 433, 435, 436, 439, 440, 441, 442, 445, 446, 447, 453, 454, 456], "summary": {"covered_lines": 27, "num_statements": 32, "percent_covered": 84.375, "percent_covered_display": "84", "missing_lines": 5, "excluded_lines": 0, "percent_statements_covered": 84.375, "percent_statements_covered_display": "84"}, "missing_lines": [438, 448, 449, 450, 451], "excluded_lines": [], "start_line": 412}, "WorkspaceManager.get_file_preview": {"executed_lines": [466, 467, 468, 470, 471, 474, 475, 478, 479, 480, 483, 505, 516, 517, 518, 519, 520, 521, 522, 524, 527], "summary": {"covered_lines": 21, "num_statements": 35, "percent_covered": 60.0, "percent_covered_display": "60", "missing_lines": 14, "excluded_lines": 0, "percent_statements_covered": 60.0, "percent_statements_covered_display": "60"}, "missing_lines": [472, 476, 485, 486, 494, 495, 506, 507, 523, 525, 526, 539, 540, 550], "excluded_lines": [], "start_line": 458}, "WorkspaceManager.search_files": {"executed_lines": [562, 563, 565, 566, 567, 568, 569, 570, 571], "summary": {"covered_lines": 9, "num_statements": 9, "percent_covered": 100.0, "percent_covered_display": "100", "missing_lines": 0, "excluded_lines": 0, "percent_statements_covered": 100.0, "percent_statements_covered_display": "100"}, "missing_lines": [], "excluded_lines": [], "start_line": 560}, "WorkspaceManager.save_code_execution": {"executed_lines": [584, 585, 586, 595, 596, 600], "summary": {"covered_lines": 6, "num_statements": 6, "percent_covered": 100.0, "percent_covered_display": "100", "missing_lines": 0, "excluded_lines": 0, "percent_statements_covered": 100.0, "percent_statements_covered_display": "100"}, "missing_lines": [], "excluded_lines": [], "start_line": 575}, "WorkspaceManager.list_code_executions": {"executed_lines": [], "summary": {"covered_lines": 0, "num_statements": 11, "percent_covered": 0.0, "percent_covered_display": "0", "missing_lines": 11, "excluded_lines": 0, "percent_statements_covered": 0.0, "percent_statements_covered_display": "0"}, "missing_lines": [604, 605, 606, 607, 608, 609, 610, 611, 612, 613, 614], "excluded_lines": [], "start_line": 602}, "WorkspaceManager.batch_download": {"executed_lines": [620, 621, 622, 623, 624, 625, 626, 627, 628, 629, 631, 632, 633, 634, 635, 645, 646, 647, 648, 649, 650], "summary": {"covered_lines": 21, "num_statements": 31, "percent_covered": 67.74193548387096, "percent_covered_display": "68", "missing_lines": 10, "excluded_lines": 0, "percent_statements_covered": 67.74193548387096, "percent_statements_covered_display": "68"}, "missing_lines": [630, 636, 637, 638, 639, 640, 641, 642, 643, 644], "excluded_lines": [], "start_line": 618}, "WorkspaceManager.add_version": {"executed_lines": [], "summary": {"covered_lines": 0, "num_statements": 22, "percent_covered": 0.0, "percent_covered_display": "0", "missing_lines": 22, "excluded_lines": 0, "percent_statements_covered": 0.0, "percent_statements_covered_display": "0"}, "missing_lines": [656, 657, 659, 660, 661, 662, 665, 668, 669, 670, 677, 678, 679, 682, 684, 685, 686, 687, 688, 690, 691, 693], "excluded_lines": [], "start_line": 654}, "WorkspaceManager.get_file_versions": {"executed_lines": [], "summary": {"covered_lines": 0, "num_statements": 6, "percent_covered": 0.0, "percent_covered_display": "0", "missing_lines": 6, "excluded_lines": 0, "percent_statements_covered": 0.0, "percent_statements_covered_display": "0"}, "missing_lines": [697, 698, 699, 700, 701, 702], "excluded_lines": [], "start_line": 695}, "WorkspaceManager.create_folder": {"executed_lines": [708, 709, 711, 712, 718, 719, 720], "summary": {"covered_lines": 7, "num_statements": 7, "percent_covered": 100.0, "percent_covered_display": "100", "missing_lines": 0, "excluded_lines": 0, "percent_statements_covered": 100.0, "percent_statements_covered_display": "100"}, "missing_lines": [], "excluded_lines": [], "start_line": 706}, "WorkspaceManager.list_folders": {"executed_lines": [724, 725, 726], "summary": {"covered_lines": 3, "num_statements": 3, "percent_covered": 100.0, "percent_covered_display": "100", "missing_lines": 0, "excluded_lines": 0, "percent_statements_covered": 100.0, "percent_statements_covered_display": "100"}, "missing_lines": [], "excluded_lines": [], "start_line": 722}, "WorkspaceManager.move_file": {"executed_lines": [730, 731, 732, 733, 734, 735, 736], "summary": {"covered_lines": 7, "num_statements": 8, "percent_covered": 87.5, "percent_covered_display": "88", "missing_lines": 1, "excluded_lines": 0, "percent_statements_covered": 87.5, "percent_statements_covered_display": "88"}, "missing_lines": [737], "excluded_lines": [], "start_line": 728}, "": {"executed_lines": [10, 12, 13, 14, 15, 16, 17, 18, 19, 20, 21, 22, 24, 26, 28, 31, 35, 38, 47, 53, 60, 77, 89, 111, 118, 151, 166, 172, 178, 196, 213, 240, 255, 282, 297, 372, 382, 412, 458, 560, 575, 602, 618, 654, 695, 706, 722, 728], "summary": {"covered_lines": 48, "num_statements": 48, "percent_covered": 100.0, "percent_covered_display": "100", "missing_lines": 0, "excluded_lines": 0, "percent_statements_covered": 100.0, "percent_statements_covered_display": "100"}, "missing_lines": [], "excluded_lines": [], "start_line": 1}}, "classes": {"WorkspaceManager": {"executed_lines": [39, 40, 41, 42, 43, 44, 45, 48, 49, 50, 51, 54, 55, 57, 58, 61, 62, 63, 64, 78, 90, 91, 92, 93, 94, 95, 96, 97, 99, 100, 101, 102, 103, 104, 105, 112, 113, 129, 130, 141, 146, 147, 148, 149, 152, 153, 154, 156, 157, 158, 159, 160, 167, 168, 169, 170, 179, 180, 182, 183, 185, 186, 188, 189, 194, 197, 198, 211, 221, 222, 232, 233, 235, 236, 237, 238, 241, 242, 243, 245, 246, 249, 256, 257, 258, 259, 261, 262, 264, 265, 274, 275, 277, 278, 279, 280, 283, 284, 285, 287, 288, 289, 290, 291, 298, 300, 301, 321, 349, 350, 351, 352, 353, 354, 367, 368, 374, 375, 376, 377, 378, 379, 380, 384, 385, 387, 388, 389, 390, 391, 392, 394, 395, 396, 397, 399, 400, 403, 404, 405, 406, 407, 409, 410, 414, 415, 417, 418, 419, 420, 422, 423, 426, 427, 428, 429, 430, 432, 433, 435, 436, 439, 440, 441, 442, 445, 446, 447, 453, 454, 456, 466, 467, 468, 470, 471, 474, 475, 478, 479, 480, 483, 505, 516, 517, 518, 519, 520, 521, 522, 524, 527, 562, 563, 565, 566, 567, 568, 569, 570, 571, 584, 585, 586, 595, 596, 600, 620, 621, 622, 623, 624, 625, 626, 627, 628, 629, 631, 632, 633, 634, 635, 645, 646, 647, 648, 649, 650, 708, 709, 711, 712, 718, 719, 720, 724, 725, 726, 730, 731, 732, 733, 734, 735, 736], "summary": {"covered_lines": 245, "num_statements": 371, "percent_covered": 66.0377358490566, "percent_covered_display": "66", "missing_lines": 126, "excluded_lines": 0, "percent_statements_covered": 66.0377358490566, "percent_statements_covered_display": "66"}, "missing_lines": [56, 65, 66, 67, 68, 69, 70, 71, 72, 73, 74, 75, 98, 106, 107, 108, 109, 155, 173, 174, 175, 176, 181, 184, 187, 190, 191, 193, 199, 200, 201, 202, 203, 204, 205, 206, 207, 208, 209, 210, 234, 244, 247, 248, 260, 276, 286, 322, 323, 324, 325, 326, 327, 328, 329, 330, 331, 438, 448, 449, 450, 451, 472, 476, 485, 486, 494, 495, 506, 507, 523, 525, 526, 539, 540, 550, 604, 605, 606, 607, 608, 609, 610, 611, 612, 613, 614, 630, 636, 637, 638, 639, 640, 641, 642, 643, 644, 656, 657, 659, 660, 661, 662, 665, 668, 669, 670, 677, 678, 679, 682, 684, 685, 686, 687, 688, 690, 691, 693, 697, 698, 699, 700, 701, 702, 737], "excluded_lines": [], "start_line": 35}, "": {"executed_lines": [10, 12, 13, 14, 15, 16, 17, 18, 19, 20, 21, 22, 24, 26, 28, 31, 32, 35, 38, 47, 53, 60, 77, 89, 111, 118, 151, 166, 172, 178, 196, 213, 240, 255, 282, 297, 372, 382, 412, 458, 560, 575, 602, 618, 654, 695, 706, 722, 728], "summary": {"covered_lines": 49, "num_statements": 49, "percent_covered": 100.0, "percent_covered_display": "100", "missing_lines": 0, "excluded_lines": 0, "percent_statements_covered": 100.0, "percent_statements_covered_display": "100"}, "missing_lines": [], "excluded_lines": [], "start_line": 1}}}}, "totals": {"covered_lines": 3991, "num_statements": 6090, "percent_covered": 65.53366174055829, "percent_covered_display": "66", "missing_lines": 2099, "excluded_lines": 13, "percent_statements_covered": 65.53366174055829, "percent_statements_covered_display": "66"}}